<?xml version="1.0" encoding="UTF-8"?>
<!-- Generated by org.testng.reporters.JUnitReportReporter -->
<testsuite hostname="DESKTOP-U1OL4JI" failures="0" tests="1" name="com.triotree.website.pages.DischargeSummaryTest.SelectDifferentHeadersFromtheDropdownAndPrintDischargeSummary" time="73.763" errors="0" timestamp="19 Mar 2021 08:31:53 GMT">
  <testcase classname="com.triotree.website.pages.DischargeSummaryTest.SelectDifferentHeadersFromtheDropdownAndPrintDischargeSummary" name="selectDifferentHeadersFromtheDropdownAndPrintDischargeSummary" time="73.763"/>
</testsuite> <!-- com.triotree.website.pages.DischargeSummaryTest.SelectDifferentHeadersFromtheDropdownAndPrintDischargeSummary -->
