<?xml version="1.0" encoding="UTF-8"?>
<!-- Generated by org.testng.reporters.JUnitReportReporter -->
<testsuite hostname="DESKTOP-U1OL4JI" failures="0" tests="1" name="com.triotree.website.Physician.PhysicianVitalsTest" time="183.184" errors="0" timestamp="5 Jun 2021 08:02:34 GMT">
  <testcase classname="com.triotree.website.Physician.PhysicianVitalsTest" name="PhysicianVitalstest" time="183.184"/>
</testsuite> <!-- com.triotree.website.Physician.PhysicianVitalsTest -->
