<?xml version="1.0" encoding="UTF-8"?>
<!-- Generated by org.testng.reporters.JUnitReportReporter -->
<testsuite hostname="DESKTOP-U1OL4JI" failures="0" tests="1" name="com.triotree.website.Physician.PhysicianOPDCaseSheetConsultsOrder" time="69.950" errors="0" timestamp="10 Sep 2020 11:43:14 GMT">
  <testcase classname="com.triotree.website.Physician.PhysicianOPDCaseSheetConsultsOrder" name="PhysicianOPDCaseSheetConsultsOrderTest" time="69.950"/>
</testsuite> <!-- com.triotree.website.Physician.PhysicianOPDCaseSheetConsultsOrder -->
