<?xml version="1.0" encoding="UTF-8"?>
<!-- Generated by org.testng.reporters.JUnitReportReporter -->
<testsuite hostname="DESKTOP-U1OL4JI" failures="0" tests="1" name="com.triotree.website.Billing.ChangeofBedCategoryReportTest" time="187.189" errors="0" timestamp="5 Jun 2021 11:01:08 GMT">
  <testcase classname="com.triotree.website.Billing.ChangeofBedCategoryReportTest" name="changeofBedCategoryReportTest" time="187.189"/>
</testsuite> <!-- com.triotree.website.Billing.ChangeofBedCategoryReportTest -->
