<?xml version="1.0" encoding="UTF-8"?>
<!-- Generated by org.testng.reporters.JUnitReportReporter -->
<testsuite hostname="BMT-LAP-88" failures="0" tests="1" name="com.binmile.test.insurance_type.Delete_insurance" time="9.718" errors="0" timestamp="12 Aug 2021 04:35:13 GMT">
  <testcase classname="com.binmile.test.insurance_type.Delete_insurance" name="delete_insurance" time="9.718"/>
</testsuite> <!-- com.binmile.test.insurance_type.Delete_insurance -->
