<?xml version="1.0" encoding="UTF-8"?>
<!-- Generated by org.testng.reporters.JUnitReportReporter -->
<testsuite hostname="DESKTOP-U1OL4JI" failures="0" tests="1" name="com.triotree.website.pages.GeneralItemsTest.CreatePurchaseOrderwithPRRegularAndOrderApproval" time="103.905" errors="0" timestamp="22 Feb 2021 10:03:58 GMT">
  <testcase classname="com.triotree.website.pages.GeneralItemsTest.CreatePurchaseOrderwithPRRegularAndOrderApproval" name="createPurchaseOrderwithPRRegularAndOrderApproval" time="103.905"/>
</testsuite> <!-- com.triotree.website.pages.GeneralItemsTest.CreatePurchaseOrderwithPRRegularAndOrderApproval -->
