<?xml version="1.0" encoding="UTF-8"?>
<!-- Generated by org.testng.reporters.JUnitReportReporter -->
<testsuite hostname="BMT-LAP-88" failures="0" tests="1" name="com.binmile.test.Designation.Edit_designation" time="20.970" errors="0" timestamp="10 Aug 2021 13:22:31 GMT">
  <testcase classname="com.binmile.test.Designation.Edit_designation" name="edit_designation" time="20.970"/>
</testsuite> <!-- com.binmile.test.Designation.Edit_designation -->
