<?xml version="1.0" encoding="UTF-8"?>
<!-- Generated by org.testng.reporters.JUnitReportReporter -->
<testsuite hostname="BMT-LAP-88" failures="0" tests="3" name="miscellaneous.Add_Edit_delete_Commission" time="34.557" errors="0" timestamp="13 Aug 2021 06:16:33 GMT">
  <testcase classname="miscellaneous.Add_Edit_delete_Commission" name="add_commission" time="11.700"/>
  <testcase classname="miscellaneous.Add_Edit_delete_Commission" name="edit_commission" time="10.694"/>
  <testcase classname="miscellaneous.Add_Edit_delete_Commission" name="delete_commission" time="12.163"/>
</testsuite> <!-- miscellaneous.Add_Edit_delete_Commission -->
