<?xml version="1.0" encoding="UTF-8"?>
<!-- Generated by org.testng.reporters.JUnitReportReporter -->
<testsuite hostname="DESKTOP-U1OL4JI" failures="0" tests="1" name="com.triotree.website.HouseKeepingTest.HousekeepingWorkPlaceReleaseBedTest" time="171.090" errors="0" timestamp="31 May 2021 08:45:41 GMT">
  <testcase classname="com.triotree.website.HouseKeepingTest.HousekeepingWorkPlaceReleaseBedTest" name="housekeepingWorkPlaceReleaseBedTest" time="171.090"/>
</testsuite> <!-- com.triotree.website.HouseKeepingTest.HousekeepingWorkPlaceReleaseBedTest -->
