<?xml version="1.0" encoding="UTF-8"?>
<!-- Generated by org.testng.reporters.JUnitReportReporter -->
<testsuite hostname="DESKTOP-U1OL4JI" failures="0" tests="1" name="com.triotree.website.pages.SampleCollectionTest.PhlebotomistWorkSheetReportTest" time="96.125" errors="0" timestamp="22 Mar 2021 13:01:38 GMT">
  <testcase classname="com.triotree.website.pages.SampleCollectionTest.PhlebotomistWorkSheetReportTest" name="phlebotomistWorkSheetReportTest" time="96.125"/>
</testsuite> <!-- com.triotree.website.pages.SampleCollectionTest.PhlebotomistWorkSheetReportTest -->
