<?xml version="1.0" encoding="UTF-8"?>
<!-- Generated by org.testng.reporters.JUnitReportReporter -->
<testsuite hostname="DESKTOP-U1OL4JI" failures="0" tests="3" name="com.triotree.website.pages.GeneralItemsTest.StockInHandandAsonDateWiseReport" time="128.805" errors="0" timestamp="12 Feb 2021 05:17:21 GMT">
  <testcase classname="com.triotree.website.pages.GeneralItemsTest.StockInHandandAsonDateWiseReport" name="StockInHandandAsonDateWiseReportZeroStock" time="49.218"/>
  <testcase classname="com.triotree.website.pages.GeneralItemsTest.StockInHandandAsonDateWiseReport" name="StockInHandandAsonDateWiseReportInBarCodeUnit" time="38.732"/>
  <testcase classname="com.triotree.website.pages.GeneralItemsTest.StockInHandandAsonDateWiseReport" name="StockInHandandAsonDateWiseReportIncludeBatchBarCode" time="40.855"/>
</testsuite> <!-- com.triotree.website.pages.GeneralItemsTest.StockInHandandAsonDateWiseReport -->
