<?xml version="1.0" encoding="UTF-8"?>
<!-- Generated by org.testng.reporters.JUnitReportReporter -->
<testsuite hostname="DESKTOP-U1OL4JI" failures="0" tests="1" name="com.triotree.website.LabMedicineTest.ReportOnPanicResultTest" time="151.772" errors="0" timestamp="4 Mar 2021 06:09:17 GMT">
  <testcase classname="com.triotree.website.LabMedicineTest.ReportOnPanicResultTest" name="reportOnPanicResultTest" time="151.772"/>
</testsuite> <!-- com.triotree.website.LabMedicineTest.ReportOnPanicResultTest -->
