<?xml version="1.0" encoding="UTF-8"?>
<!-- Generated by org.testng.reporters.JUnitReportReporter -->
<testsuite hostname="DESKTOP-U1OL4JI" failures="0" tests="1" name="com.triotree.website.pages.DischargeSummaryTest.DocSignatureinDischargeSummaryTest" time="45.482" errors="0" timestamp="5 Feb 2021 07:49:36 GMT">
  <testcase classname="com.triotree.website.pages.DischargeSummaryTest.DocSignatureinDischargeSummaryTest" name="docSignatureinDischargeSummaryTest" time="45.482"/>
</testsuite> <!-- com.triotree.website.pages.DischargeSummaryTest.DocSignatureinDischargeSummaryTest -->
