<?xml version="1.0" encoding="UTF-8"?>
<!-- Generated by org.testng.reporters.JUnitReportReporter -->
<testsuite hostname="DESKTOP-U1OL4JI" failures="0" tests="1" name="com.triotree.website.LabMedicineTest.ReferredLabTrackingTest" time="114.704" errors="0" timestamp="9 Mar 2021 12:54:06 GMT">
  <testcase classname="com.triotree.website.LabMedicineTest.ReferredLabTrackingTest" name="referredLabTrackingTest" time="114.704"/>
</testsuite> <!-- com.triotree.website.LabMedicineTest.ReferredLabTrackingTest -->
