<?xml version="1.0" encoding="UTF-8"?>
<!-- Generated by org.testng.reporters.JUnitReportReporter -->
<testsuite hostname="DESKTOP-U1OL4JI" failures="0" tests="1" name="com.triotree.website.Billing.CancelIPInvestigationReportTest" time="154.299" errors="0" timestamp="5 Jun 2021 08:48:48 GMT">
  <testcase classname="com.triotree.website.Billing.CancelIPInvestigationReportTest" name="cancelIPInvestigationReportTest" time="154.299"/>
</testsuite> <!-- com.triotree.website.Billing.CancelIPInvestigationReportTest -->
