<?xml version="1.0" encoding="UTF-8"?>
<!-- Generated by org.testng.reporters.JUnitReportReporter -->
<testsuite hostname="DESKTOP-U1OL4JI" failures="0" tests="1" name="com.triotree.website.pages.NursingTest.DiagnosticsReportforWorkplaceBySelectingPatientType" time="1569.000" errors="0" timestamp="29 Jan 2021 12:23:52 GMT">
  <testcase classname="com.triotree.website.pages.NursingTest.DiagnosticsReportforWorkplaceBySelectingPatientType" name="diagnosticsReportforWorkplaceBySelectingPatientType" time="1569.000"/>
</testsuite> <!-- com.triotree.website.pages.NursingTest.DiagnosticsReportforWorkplaceBySelectingPatientType -->
