<?xml version="1.0" encoding="UTF-8"?>
<!-- Generated by org.testng.reporters.JUnitReportReporter -->
<testsuite hostname="DESKTOP-U1OL4JI" failures="0" tests="1" name="com.triotree.website.Billing.CreditLimitTest" time="126.264" errors="0" timestamp="5 Jun 2021 11:34:01 GMT">
  <testcase classname="com.triotree.website.Billing.CreditLimitTest" name="creditLimitTest" time="126.264"/>
</testsuite> <!-- com.triotree.website.Billing.CreditLimitTest -->
