<?xml version="1.0" encoding="UTF-8"?>
<!-- Generated by org.testng.reporters.JUnitReportReporter -->
<testsuite hostname="DESKTOP-U1OL4JI" failures="0" tests="1" name="com.triotree.test.website.InventroyModule.InterfacilityItemRequestApprovalandIssueTest" time="259.794" errors="0" timestamp="31 May 2021 16:00:12 GMT">
  <testcase classname="com.triotree.test.website.InventroyModule.InterfacilityItemRequestApprovalandIssueTest" name="interfacilityItemRequestApprovalandIssueTest" time="259.794"/>
</testsuite> <!-- com.triotree.test.website.InventroyModule.InterfacilityItemRequestApprovalandIssueTest -->
