<?xml version="1.0" encoding="UTF-8"?>
<!-- Generated by org.testng.reporters.JUnitReportReporter -->
<testsuite hostname="DESKTOP-U1OL4JI" failures="0" tests="1" name="com.triotree.website.pages.GeneralItemsTest.IndentReturnTest" time="84.063" errors="0" timestamp="22 Feb 2021 10:11:20 GMT">
  <testcase classname="com.triotree.website.pages.GeneralItemsTest.IndentReturnTest" name="indentReturnTest" time="84.063"/>
</testsuite> <!-- com.triotree.website.pages.GeneralItemsTest.IndentReturnTest -->
