<?xml version="1.0" encoding="UTF-8"?>
<!-- Generated by org.testng.reporters.JUnitReportReporter -->
<testsuite hostname="DESKTOP-U1OL4JI" failures="0" tests="1" name="com.triotree.website.pages.DischargeSummaryTest.DischargeSummaryCreationByEnteringUHIDTest" time="47.207" errors="0" timestamp="3 Feb 2021 12:12:12 GMT">
  <testcase classname="com.triotree.website.pages.DischargeSummaryTest.DischargeSummaryCreationByEnteringUHIDTest" name="dischargeSummaryCreationByEnteringUHIDTest" time="47.207"/>
</testsuite> <!-- com.triotree.website.pages.DischargeSummaryTest.DischargeSummaryCreationByEnteringUHIDTest -->
