<?xml version="1.0" encoding="UTF-8"?>
<!-- Generated by org.testng.reporters.JUnitReportReporter -->
<testsuite hostname="DESKTOP-U1OL4JI" failures="0" tests="1" name="com.triotree.website.pages.NursingTest.NursingActivitySurgeryRequestTest" time="142.147" errors="0" timestamp="12 Jan 2021 11:12:20 GMT">
  <testcase classname="com.triotree.website.pages.NursingTest.NursingActivitySurgeryRequestTest" name="nursingActivitySurgeryRequestTest" time="142.147"/>
</testsuite> <!-- com.triotree.website.pages.NursingTest.NursingActivitySurgeryRequestTest -->
