<?xml version="1.0" encoding="UTF-8"?>
<!-- Generated by org.testng.reporters.JUnitReportReporter -->
<testsuite hostname="DESKTOP-U1OL4JI" failures="0" tests="1" name="com.triotree.website.pages.GeneralItemsTest.ItemSubstituteMappingTest" time="35.257" errors="0" timestamp="17 Feb 2021 07:00:39 GMT">
  <testcase classname="com.triotree.website.pages.GeneralItemsTest.ItemSubstituteMappingTest" name="itemSubstituteMappingTest" time="35.257"/>
</testsuite> <!-- com.triotree.website.pages.GeneralItemsTest.ItemSubstituteMappingTest -->
