<?xml version="1.0" encoding="UTF-8"?>
<!-- Generated by org.testng.reporters.JUnitReportReporter -->
<testsuite hostname="DESKTOP-U1OL4JI" failures="0" tests="1" name="com.triotree.website.Billing.IPBillingMedicalEquipmentTest" time="142.234" errors="0" timestamp="5 Jun 2021 12:01:35 GMT">
  <testcase classname="com.triotree.website.Billing.IPBillingMedicalEquipmentTest" name="ipBillingMedicalEquipmentTest" time="142.234"/>
</testsuite> <!-- com.triotree.website.Billing.IPBillingMedicalEquipmentTest -->
