<?xml version="1.0" encoding="UTF-8"?>
<!-- Generated by org.testng.reporters.JUnitReportReporter -->
<testsuite hostname="BMT-LAP-88" failures="0" tests="3" name="training_management.Add_edit_delete_Training" time="47.852" errors="0" timestamp="9 Aug 2021 07:23:15 GMT">
  <testcase classname="training_management.Add_edit_delete_Training" name="delete_training" time="14.545"/>
  <testcase classname="training_management.Add_edit_delete_Training" name="edit_training" time="17.793"/>
  <testcase classname="training_management.Add_edit_delete_Training" name="add_training" time="15.514"/>
</testsuite> <!-- training_management.Add_edit_delete_Training -->
