<?xml version="1.0" encoding="UTF-8"?>
<!-- Generated by org.testng.reporters.JUnitReportReporter -->
<testsuite hostname="BMT-LAP-88" failures="0" tests="3" name="com.binmile.test.usermanagement.Add_Edit_delete_user" time="45.814" errors="0" timestamp="12 Aug 2021 08:13:15 GMT">
  <testcase classname="com.binmile.test.usermanagement.Add_Edit_delete_user" name="edit_user" time="13.239"/>
  <testcase classname="com.binmile.test.usermanagement.Add_Edit_delete_user" name="deleteuser" time="10.169"/>
  <testcase classname="com.binmile.test.usermanagement.Add_Edit_delete_user" name="add_user" time="22.406"/>
</testsuite> <!-- com.binmile.test.usermanagement.Add_Edit_delete_user -->
