<?xml version="1.0" encoding="UTF-8"?>
<!-- Generated by org.testng.reporters.JUnitReportReporter -->
<testsuite hostname="DESKTOP-U1OL4JI" failures="0" tests="1" name="com.triotree.website.Emergency.SalesAndConsumption" time="34.765" errors="0" timestamp="25 Sep 2020 04:42:46 GMT">
  <testcase classname="com.triotree.website.Emergency.SalesAndConsumption" name="eRBillingTest" time="34.765"/>
</testsuite> <!-- com.triotree.website.Emergency.SalesAndConsumption -->
