<?xml version="1.0" encoding="UTF-8"?>
<!-- Generated by org.testng.reporters.JUnitReportReporter -->
<testsuite hostname="DESKTOP-U1OL4JI" failures="0" tests="1" name="com.triotree.website.Billing.MiscChargesTest" time="162.952" errors="0" timestamp="5 Jun 2021 12:51:43 GMT">
  <testcase classname="com.triotree.website.Billing.MiscChargesTest" name="miscchargesTest" time="162.952"/>
</testsuite> <!-- com.triotree.website.Billing.MiscChargesTest -->
