<?xml version="1.0" encoding="UTF-8"?>
<!-- Generated by org.testng.reporters.JUnitReportReporter -->
<testsuite hostname="DESKTOP-U1OL4JI" failures="0" tests="1" name="com.triotree.website.pages.NursingTest.ReportPendingReportStatusTest" time="41.671" errors="0" timestamp="13 Jan 2021 10:17:37 GMT">
  <testcase classname="com.triotree.website.pages.NursingTest.ReportPendingReportStatusTest" name="reportPendingReportStatusTest" time="41.671"/>
</testsuite> <!-- com.triotree.website.pages.NursingTest.ReportPendingReportStatusTest -->
