<?xml version="1.0" encoding="UTF-8"?>
<!-- Generated by org.testng.reporters.JUnitReportReporter -->
<testsuite hostname="DESKTOP-U1OL4JI" failures="0" tests="1" name="com.triotree.website.pages.NursingTest.TransferTrackingTest" time="34.830" errors="0" timestamp="1 Feb 2021 06:09:03 GMT">
  <testcase classname="com.triotree.website.pages.NursingTest.TransferTrackingTest" name="transferTrackingTest" time="34.830"/>
</testsuite> <!-- com.triotree.website.pages.NursingTest.TransferTrackingTest -->
