<?xml version="1.0" encoding="UTF-8"?>
<!-- Generated by org.testng.reporters.JUnitReportReporter -->
<testsuite hostname="BMT-LAP-88" failures="0" tests="1" name="com.binmile.test.garage.Garage_list" time="82.700" errors="0" timestamp="11 Aug 2021 12:47:58 GMT">
  <testcase classname="com.binmile.test.garage.Garage_list" name="garage_list" time="82.700"/>
</testsuite> <!-- com.binmile.test.garage.Garage_list -->
