<?xml version="1.0" encoding="UTF-8"?>
<!-- Generated by org.testng.reporters.JUnitReportReporter -->
<testsuite hostname="DESKTOP-U1OL4JI" failures="0" tests="1" name="com.triotree.website.Physician.PhysicalExaminationTest" time="51.497" errors="0" timestamp="29 Apr 2021 13:09:18 GMT">
  <testcase classname="com.triotree.website.Physician.PhysicalExaminationTest" name="physicalExaminationTest" time="51.497"/>
</testsuite> <!-- com.triotree.website.Physician.PhysicalExaminationTest -->
