<?xml version="1.0" encoding="UTF-8"?>
<!-- Generated by org.testng.reporters.JUnitReportReporter -->
<testsuite hostname="BMT-LAP-88" failures="0" tests="1" name="insurance_type.Insurance_type_list" time="21.074" errors="0" timestamp="26 Jul 2021 06:44:26 GMT">
  <testcase classname="insurance_type.Insurance_type_list" name="insurance_type_list" time="21.074"/>
</testsuite> <!-- insurance_type.Insurance_type_list -->
