<?xml version="1.0" encoding="UTF-8"?>
<!-- Generated by org.testng.reporters.JUnitReportReporter -->
<testsuite hostname="DESKTOP-U1OL4JI" failures="0" tests="1" name="com.triotree.website.pages.NursingTest.NursingLabReportTest" time="255.232" errors="0" timestamp="12 May 2021 11:18:52 GMT">
  <testcase classname="com.triotree.website.pages.NursingTest.NursingLabReportTest" name="nursingLabReportTest" time="255.232"/>
</testsuite> <!-- com.triotree.website.pages.NursingTest.NursingLabReportTest -->
