<?xml version="1.0" encoding="UTF-8"?>
<!-- Generated by org.testng.reporters.JUnitReportReporter -->
<testsuite hostname="DESKTOP-U1OL4JI" failures="0" tests="1" name="com.triotree.website.pages.DiagnosticsTest.StatusWiseTestOrdersTest" time="61.442" errors="0" timestamp="19 Mar 2021 06:57:43 GMT">
  <testcase classname="com.triotree.website.pages.DiagnosticsTest.StatusWiseTestOrdersTest" name="statusWiseTestOrdersTest" time="61.442"/>
</testsuite> <!-- com.triotree.website.pages.DiagnosticsTest.StatusWiseTestOrdersTest -->
