<?xml version="1.0" encoding="UTF-8"?>
<!-- Generated by org.testng.reporters.JUnitReportReporter -->
<testsuite hostname="DESKTOP-U1OL4JI" failures="0" tests="1" name="com.triotree.website.pages.GeneralItemsTest.StoreItemConsumptionReportTest" time="34.958" errors="0" timestamp="12 Feb 2021 05:48:27 GMT">
  <testcase classname="com.triotree.website.pages.GeneralItemsTest.StoreItemConsumptionReportTest" name="storeItemConsumptionReportTest" time="34.958"/>
</testsuite> <!-- com.triotree.website.pages.GeneralItemsTest.StoreItemConsumptionReportTest -->
