<?xml version="1.0" encoding="UTF-8"?>
<!-- Generated by org.testng.reporters.JUnitReportReporter -->
<testsuite hostname="DESKTOP-U1OL4JI" failures="0" tests="1" name="com.triotree.website.OT.InitiateSurgeryTest" time="105.913" errors="0" timestamp="4 Jun 2021 09:52:05 GMT">
  <testcase classname="com.triotree.website.OT.InitiateSurgeryTest" name="InitiateSurgeryMethod" time="105.913"/>
</testsuite> <!-- com.triotree.website.OT.InitiateSurgeryTest -->
