<?xml version="1.0" encoding="UTF-8"?>
<!-- Generated by org.testng.reporters.JUnitReportReporter -->
<testsuite hostname="DESKTOP-U1OL4JI" failures="0" tests="1" name="com.triotree.website.Pharmacy.OPSalesTest" time="69.262" errors="0" timestamp="2 Nov 2020 12:56:49 GMT">
  <testcase classname="com.triotree.website.Pharmacy.OPSalesTest" name="oPSalesTest" time="69.262"/>
</testsuite> <!-- com.triotree.website.Pharmacy.OPSalesTest -->
