<?xml version="1.0" encoding="UTF-8"?>
<!-- Generated by org.testng.reporters.JUnitReportReporter -->
<testsuite hostname="BMT-LAP-88" failures="0" tests="1" name="com.binmile.test.region.Edit_region" time="66.187" errors="0" timestamp="10 Aug 2021 13:22:30 GMT">
  <testcase classname="com.binmile.test.region.Edit_region" name="edit_region" time="66.187"/>
</testsuite> <!-- com.binmile.test.region.Edit_region -->
