<?xml version="1.0" encoding="UTF-8"?>
<!-- Generated by org.testng.reporters.JUnitReportReporter -->
<testsuite hostname="DESKTOP-U1OL4JI" failures="0" tests="1" name="com.triotree.website.Billing.PatientBillStatusTest" time="511.221" errors="0" timestamp="28 May 2021 05:26:30 GMT">
  <testcase classname="com.triotree.website.Billing.PatientBillStatusTest" name="patientBillStatusTest" time="511.221"/>
</testsuite> <!-- com.triotree.website.Billing.PatientBillStatusTest -->
