<?xml version="1.0" encoding="UTF-8"?>
<!-- Generated by org.testng.reporters.JUnitReportReporter -->
<testsuite hostname="DESKTOP-U1OL4JI" failures="0" tests="1" name="com.triotree.website.HouseKeepingTest.TATReportTest" time="147.391" errors="0" timestamp="31 May 2021 08:50:46 GMT">
  <testcase classname="com.triotree.website.HouseKeepingTest.TATReportTest" name="tATReportTest" time="147.391"/>
</testsuite> <!-- com.triotree.website.HouseKeepingTest.TATReportTest -->
