<?xml version="1.0" encoding="UTF-8"?>
<!-- Generated by org.testng.reporters.JUnitReportReporter -->
<testsuite hostname="DESKTOP-U1OL4JI" failures="0" tests="1" name="com.triotree.website.pages.GeneralItemsTest.PurchaseCreditNoteTest" time="39.667" errors="0" timestamp="12 Feb 2021 11:07:16 GMT">
  <testcase classname="com.triotree.website.pages.GeneralItemsTest.PurchaseCreditNoteTest" name="purchaseCreditNoteTest" time="39.667"/>
</testsuite> <!-- com.triotree.website.pages.GeneralItemsTest.PurchaseCreditNoteTest -->
