<?xml version="1.0" encoding="UTF-8"?>
<!-- Generated by org.testng.reporters.JUnitReportReporter -->
<testsuite hostname="DESKTOP-U1OL4JI" failures="0" tests="1" name="com.triotree.website.pages.NursingTest.IPConsumptionReportTest" time="55.905" errors="0" timestamp="5 Jan 2021 05:15:56 GMT">
  <testcase classname="com.triotree.website.pages.NursingTest.IPConsumptionReportTest" name="iPConsumptionReportTest" time="55.905"/>
</testsuite> <!-- com.triotree.website.pages.NursingTest.IPConsumptionReportTest -->
