<?xml version="1.0" encoding="UTF-8"?>
<!-- Generated by org.testng.reporters.JUnitReportReporter -->
<testsuite hostname="BMT-LAP-88" failures="0" tests="1" name="com.binmile.test.product.Product_list" time="22.265" errors="0" timestamp="11 Aug 2021 12:47:59 GMT">
  <testcase classname="com.binmile.test.product.Product_list" name="product_list" time="22.265"/>
</testsuite> <!-- com.binmile.test.product.Product_list -->
