<?xml version="1.0" encoding="UTF-8"?>
<!-- Generated by org.testng.reporters.JUnitReportReporter -->
<testsuite hostname="DESKTOP-U1OL4JI" failures="0" tests="1" name="com.triotree.website.Physician.PhysicianOPDCaseSheetOrderSet" time="83.331" errors="0" timestamp="11 Sep 2020 04:33:45 GMT">
  <testcase classname="com.triotree.website.Physician.PhysicianOPDCaseSheetOrderSet" name="PhysicianOPDCaseSheetOrderSetTest" time="83.331"/>
</testsuite> <!-- com.triotree.website.Physician.PhysicianOPDCaseSheetOrderSet -->
