<?xml version="1.0" encoding="UTF-8"?>
<!-- Generated by org.testng.reporters.JUnitReportReporter -->
<testsuite hostname="DESKTOP-U1OL4JI" failures="0" tests="1" name="com.triotree.website.pages.GeneralItemsTest.PurchaseReturnSummaryReportsTest" time="76.231" errors="0" timestamp="12 Feb 2021 06:15:13 GMT">
  <testcase classname="com.triotree.website.pages.GeneralItemsTest.PurchaseReturnSummaryReportsTest" name="purchaseReturnSummaryReportsTest" time="76.231"/>
</testsuite> <!-- com.triotree.website.pages.GeneralItemsTest.PurchaseReturnSummaryReportsTest -->
