<?xml version="1.0" encoding="UTF-8"?>
<!-- Generated by org.testng.reporters.JUnitReportReporter -->
<testsuite hostname="DESKTOP-U1OL4JI" failures="0" tests="1" name="com.triotree.website.LabMedicineTest.LabReportGenerationInStatusWiseTestOrderTest" time="42.620" errors="0" timestamp="4 Mar 2021 12:32:17 GMT">
  <testcase classname="com.triotree.website.LabMedicineTest.LabReportGenerationInStatusWiseTestOrderTest" name="labReportGenerationInStatusWiseTestOrderTest" time="42.620"/>
</testsuite> <!-- com.triotree.website.LabMedicineTest.LabReportGenerationInStatusWiseTestOrderTest -->
