<?xml version="1.0" encoding="UTF-8"?>
<!-- Generated by org.testng.reporters.JUnitReportReporter -->
<testsuite hostname="DESKTOP-U1OL4JI" failures="0" tests="1" name="com.triotree.website.pages.NursingTest.NursingEndorsementHandoverReportTest" time="77.356" errors="0" timestamp="15 Jan 2021 06:27:53 GMT">
  <testcase classname="com.triotree.website.pages.NursingTest.NursingEndorsementHandoverReportTest" name="nursingEndorsementHandoverReportTest" time="77.356"/>
</testsuite> <!-- com.triotree.website.pages.NursingTest.NursingEndorsementHandoverReportTest -->
