<?xml version="1.0" encoding="UTF-8"?>
<!-- Generated by org.testng.reporters.JUnitReportReporter -->
<testsuite hostname="DESKTOP-U1OL4JI" failures="0" tests="1" name="com.triotree.website.Physician.EmergencyOrderVisitCharges" time="68.740" errors="0" timestamp="29 Apr 2021 08:10:02 GMT">
  <testcase classname="com.triotree.website.Physician.EmergencyOrderVisitCharges" name="inpatientRMOProgressHandoverNotesTest" time="68.740"/>
</testsuite> <!-- com.triotree.website.Physician.EmergencyOrderVisitCharges -->
