<?xml version="1.0" encoding="UTF-8"?>
<!-- Generated by org.testng.reporters.JUnitReportReporter -->
<testsuite hostname="DESKTOP-U1OL4JI" failures="0" tests="1" name="com.triotree.website.Physician.FavoritesVitalsandDiagnosisTest" time="45.679" errors="0" timestamp="29 Apr 2021 08:40:59 GMT">
  <testcase classname="com.triotree.website.Physician.FavoritesVitalsandDiagnosisTest" name="favoritesVitalsandDiagnosisTest" time="45.679"/>
</testsuite> <!-- com.triotree.website.Physician.FavoritesVitalsandDiagnosisTest -->
