<?xml version="1.0" encoding="UTF-8"?>
<!-- Generated by org.testng.reporters.JUnitReportReporter -->
<testsuite hostname="DESKTOP-U1OL4JI" failures="0" tests="1" name="com.triotree.test.website.InventroyModule.InterFacilityItemReturn" time="147.979" errors="0" timestamp="31 May 2021 16:04:32 GMT">
  <testcase classname="com.triotree.test.website.InventroyModule.InterFacilityItemReturn" name="InterFacilityItemReturnTest" time="147.979"/>
</testsuite> <!-- com.triotree.test.website.InventroyModule.InterFacilityItemReturn -->
