<?xml version="1.0" encoding="UTF-8"?>
<!-- Generated by org.testng.reporters.JUnitReportReporter -->
<testsuite hostname="DESKTOP-U1OL4JI" failures="0" tests="1" name="com.triotree.website.pages.NursingTest.PatientAssignTest" time="48.387" errors="0" timestamp="1 Feb 2021 05:19:15 GMT">
  <testcase classname="com.triotree.website.pages.NursingTest.PatientAssignTest" name="patientAssignTest" time="48.387"/>
</testsuite> <!-- com.triotree.website.pages.NursingTest.PatientAssignTest -->
