<?xml version="1.0" encoding="UTF-8"?>
<!-- Generated by org.testng.reporters.JUnitReportReporter -->
<testsuite hostname="DESKTOP-U1OL4JI" failures="0" tests="1" name="com.triotree.website.pages.DischargeSummaryTest.DischargeSummaryCumulativeReportsTest" time="47.832" errors="0" timestamp="19 Mar 2021 07:34:42 GMT">
  <testcase classname="com.triotree.website.pages.DischargeSummaryTest.DischargeSummaryCumulativeReportsTest" name="dischargeSummaryCumulativeReportsTest" time="47.832"/>
</testsuite> <!-- com.triotree.website.pages.DischargeSummaryTest.DischargeSummaryCumulativeReportsTest -->
