<?xml version="1.0" encoding="UTF-8"?>
<!-- Generated by org.testng.reporters.JUnitReportReporter -->
<testsuite hostname="DESKTOP-U1OL4JI" failures="0" tests="1" name="com.triotree.website.pages.NursingTest.NursingSurgeryDetailsTest" time="47.166" errors="0" timestamp="13 Jan 2021 05:33:52 GMT">
  <testcase classname="com.triotree.website.pages.NursingTest.NursingSurgeryDetailsTest" name="nursingSurgeryDetailsTest" time="47.166"/>
</testsuite> <!-- com.triotree.website.pages.NursingTest.NursingSurgeryDetailsTest -->
