<?xml version="1.0" encoding="UTF-8"?>
<!-- Generated by org.testng.reporters.JUnitReportReporter -->
<testsuite hostname="DESKTOP-U1OL4JI" failures="0" tests="1" name="com.triotree.website.TransfusionMedicineTest.PatientDonorTallyTest" time="29.476" errors="0" timestamp="16 Mar 2021 12:33:34 GMT">
  <testcase classname="com.triotree.website.TransfusionMedicineTest.PatientDonorTallyTest" name="patientDonorTallyTest" time="29.476"/>
</testsuite> <!-- com.triotree.website.TransfusionMedicineTest.PatientDonorTallyTest -->
