<?xml version="1.0" encoding="UTF-8"?>
<!-- Generated by org.testng.reporters.JUnitReportReporter -->
<testsuite hostname="DESKTOP-U1OL4JI" failures="0" tests="1" name="com.triotree.website.Physician.PhysicianDiagnosisTest" time="76.624" errors="0" timestamp="30 Apr 2021 03:29:53 GMT">
  <testcase classname="com.triotree.website.Physician.PhysicianDiagnosisTest" name="physicianDiagnosisTest" time="76.624"/>
</testsuite> <!-- com.triotree.website.Physician.PhysicianDiagnosisTest -->
