<?xml version="1.0" encoding="UTF-8"?>
<!-- Generated by org.testng.reporters.JUnitReportReporter -->
<testsuite hostname="BMT-LAP-88" failures="0" tests="1" name="training_management.Add_topic" time="23.556" errors="0" timestamp="10 Aug 2021 04:33:50 GMT">
  <testcase classname="training_management.Add_topic" name="add_topic" time="23.556"/>
</testsuite> <!-- training_management.Add_topic -->
