<?xml version="1.0" encoding="UTF-8"?>
<!-- Generated by org.testng.reporters.JUnitReportReporter -->
<testsuite hostname="DESKTOP-U1OL4JI" failures="0" tests="1" name="com.triotree.website.OT.OTScheduleReportONDateTest" time="184.003" errors="0" timestamp="4 Jun 2021 07:20:24 GMT">
  <testcase classname="com.triotree.website.OT.OTScheduleReportONDateTest" name="oTScheduleReportTest" time="184.003"/>
</testsuite> <!-- com.triotree.website.OT.OTScheduleReportONDateTest -->
