<?xml version="1.0" encoding="UTF-8"?>
<!-- Generated by org.testng.reporters.JUnitReportReporter -->
<testsuite hostname="DESKTOP-U1OL4JI" failures="0" tests="1" name="com.triotree.website.pages.NursingTest.NursingNotesVitalsTest" time="670.429" errors="0" timestamp="7 Jan 2021 10:52:54 GMT">
  <testcase classname="com.triotree.website.pages.NursingTest.NursingNotesVitalsTest" name="nurshingNotesInsertionMonitoringTest" time="670.429"/>
</testsuite> <!-- com.triotree.website.pages.NursingTest.NursingNotesVitalsTest -->
