<?xml version="1.0" encoding="UTF-8"?>
<!-- Generated by org.testng.reporters.JUnitReportReporter -->
<testsuite hostname="DESKTOP-U1OL4JI" failures="0" tests="1" name="com.triotree.website.pages.NursingTest.CancelIPIssueSalesandConsumptiom" time="212.635" errors="0" timestamp="27 Jan 2021 05:31:28 GMT">
  <testcase classname="com.triotree.website.pages.NursingTest.CancelIPIssueSalesandConsumptiom" name="cancelIPIssueSalesandConsumptiom" time="212.635"/>
</testsuite> <!-- com.triotree.website.pages.NursingTest.CancelIPIssueSalesandConsumptiom -->
