<?xml version="1.0" encoding="UTF-8"?>
<!-- Generated by org.testng.reporters.JUnitReportReporter -->
<testsuite hostname="DESKTOP-U1OL4JI" failures="0" tests="1" name="com.triotree.website.Billing.CancelpendinginvestigationTest" time="169.811" errors="0" timestamp="5 Jun 2021 08:59:06 GMT">
  <testcase classname="com.triotree.website.Billing.CancelpendinginvestigationTest" name="cancelpendinginvestigation" time="169.811"/>
</testsuite> <!-- com.triotree.website.Billing.CancelpendinginvestigationTest -->
