<?xml version="1.0" encoding="UTF-8"?>
<!-- Generated by org.testng.reporters.JUnitReportReporter -->
<testsuite hostname="DESKTOP-U1OL4JI" failures="0" tests="1" name="com.triotree.website.TransfusionMedicineTest.DerivedComponentTest" time="101.569" errors="0" timestamp="16 Mar 2021 12:33:34 GMT">
  <testcase classname="com.triotree.website.TransfusionMedicineTest.DerivedComponentTest" name="derivedComponentTest" time="101.569"/>
</testsuite> <!-- com.triotree.website.TransfusionMedicineTest.DerivedComponentTest -->
