<?xml version="1.0" encoding="UTF-8"?>
<!-- Generated by org.testng.reporters.JUnitReportReporter -->
<testsuite hostname="DESKTOP-U1OL4JI" failures="0" tests="1" name="com.triotree.website.pages.GeneralItemsTest.PurchaseReceiptGRNWithoutPOTest" time="46.198" errors="0" timestamp="22 Feb 2021 10:37:11 GMT">
  <testcase classname="com.triotree.website.pages.GeneralItemsTest.PurchaseReceiptGRNWithoutPOTest" name="purchaseReceiptGRNWithoutPOTest" time="46.198"/>
</testsuite> <!-- com.triotree.website.pages.GeneralItemsTest.PurchaseReceiptGRNWithoutPOTest -->
