<?xml version="1.0" encoding="UTF-8"?>
<!-- Generated by org.testng.reporters.JUnitReportReporter -->
<testsuite hostname="DESKTOP-U1OL4JI" failures="0" tests="1" name="com.triotree.website.Emergency.EROrdersPatientVitals" time="234.738" errors="0" timestamp="23 Apr 2021 04:05:39 GMT">
  <testcase classname="com.triotree.website.Emergency.EROrdersPatientVitals" name="eRDepositAndRefundTest" time="234.738"/>
</testsuite> <!-- com.triotree.website.Emergency.EROrdersPatientVitals -->
