<?xml version="1.0" encoding="UTF-8"?>
<!-- Generated by org.testng.reporters.JUnitReportReporter -->
<testsuite hostname="DESKTOP-U1OL4JI" failures="0" tests="1" name="com.triotree.website.Emergency.EmergencyReportsCommonScrollTest" time="492.179" errors="0" timestamp="4 Jun 2021 06:12:12 GMT">
  <testcase classname="com.triotree.website.Emergency.EmergencyReportsCommonScrollTest" name="emergencyReportsCommonScrollTest" time="492.179"/>
</testsuite> <!-- com.triotree.website.Emergency.EmergencyReportsCommonScrollTest -->
