<?xml version="1.0" encoding="UTF-8"?>
<!-- Generated by org.testng.reporters.JUnitReportReporter -->
<testsuite hostname="DESKTOP-U1OL4JI" failures="0" tests="1" name="com.triotree.website.pages.NursingTest.NursingNotesTest" time="545.677" errors="0" timestamp="24 Dec 2020 12:18:03 GMT">
  <testcase classname="com.triotree.website.pages.NursingTest.NursingNotesTest" name="nursingNotesTest" time="545.677"/>
</testsuite> <!-- com.triotree.website.pages.NursingTest.NursingNotesTest -->
