<?xml version="1.0" encoding="UTF-8"?>
<!-- Generated by org.testng.reporters.JUnitReportReporter -->
<testsuite hostname="DESKTOP-U1OL4JI" failures="0" tests="1" name="com.triotree.website.pages.NursingTest.EquipmentScheduleReportTest" time="274.995" errors="0" timestamp="15 Jan 2021 07:40:53 GMT">
  <testcase classname="com.triotree.website.pages.NursingTest.EquipmentScheduleReportTest" name="equipmentScheduleReportTest" time="274.995"/>
</testsuite> <!-- com.triotree.website.pages.NursingTest.EquipmentScheduleReportTest -->
