<?xml version="1.0" encoding="UTF-8"?>
<!-- Generated by org.testng.reporters.JUnitReportReporter -->
<testsuite hostname="DESKTOP-U1OL4JI" failures="0" tests="1" name="com.triotree.website.pages.GeneralItemsTest.PendingPOReportsTest" time="62.672" errors="0" timestamp="17 Feb 2021 12:35:43 GMT">
  <testcase classname="com.triotree.website.pages.GeneralItemsTest.PendingPOReportsTest" name="pendingPOReportsTest" time="62.672"/>
</testsuite> <!-- com.triotree.website.pages.GeneralItemsTest.PendingPOReportsTest -->
