<?xml version="1.0" encoding="UTF-8"?>
<!-- Generated by org.testng.reporters.JUnitReportReporter -->
<testsuite hostname="DESKTOP-U1OL4JI" failures="0" tests="1" name="com.triotree.website.pages.DischargeSummaryTest.CheckExpiredPatientCheckboxandPrintDischargesummary" time="625.685" errors="0" timestamp="4 Feb 2021 06:32:08 GMT">
  <testcase classname="com.triotree.website.pages.DischargeSummaryTest.CheckExpiredPatientCheckboxandPrintDischargesummary" name="checkExpiredPatientCheckboxandPrintDischargesummary" time="625.685"/>
</testsuite> <!-- com.triotree.website.pages.DischargeSummaryTest.CheckExpiredPatientCheckboxandPrintDischargesummary -->
