<?xml version="1.0" encoding="UTF-8"?>
<!-- Generated by org.testng.reporters.JUnitReportReporter -->
<testsuite hostname="DESKTOP-U1OL4JI" failures="0" tests="1" name="com.triotree.website.LabMedicineTest.WorkListTest" time="547.515" errors="0" timestamp="3 Mar 2021 12:27:12 GMT">
  <testcase classname="com.triotree.website.LabMedicineTest.WorkListTest" name="workListTest" time="547.515"/>
</testsuite> <!-- com.triotree.website.LabMedicineTest.WorkListTest -->
