<?xml version="1.0" encoding="UTF-8"?>
<!-- Generated by org.testng.reporters.JUnitReportReporter -->
<testsuite hostname="DESKTOP-U1OL4JI" failures="0" tests="1" name="com.triotree.website.LabMedicineTest.ReferredLabTrackingBySelectingDispatchViewTest" time="42.787" errors="0" timestamp="19 Mar 2021 09:19:10 GMT">
  <testcase classname="com.triotree.website.LabMedicineTest.ReferredLabTrackingBySelectingDispatchViewTest" name="referredLabTrackingBySelectingDispatchViewTest" time="42.787"/>
</testsuite> <!-- com.triotree.website.LabMedicineTest.ReferredLabTrackingBySelectingDispatchViewTest -->
