<?xml version="1.0" encoding="UTF-8"?>
<!-- Generated by org.testng.reporters.JUnitReportReporter -->
<testsuite hostname="DESKTOP-U1OL4JI" failures="0" tests="1" name="com.triotree.website.pages.SampleCollectionTest.SampleCollectionTest" time="46.386" errors="0" timestamp="9 Dec 2020 11:12:25 GMT">
  <testcase classname="com.triotree.website.pages.SampleCollectionTest.SampleCollectionTest" name="sampleCollectionTest" time="46.386"/>
</testsuite> <!-- com.triotree.website.pages.SampleCollectionTest.SampleCollectionTest -->
