<?xml version="1.0" encoding="UTF-8"?>
<!-- Generated by org.testng.reporters.JUnitReportReporter -->
<testsuite hostname="DESKTOP-U1OL4JI" failures="0" tests="1" name="com.triotree.website.Pharmacy.PharmacyBillIPIssueByClickingPartialOrdersTest" time="897.434" errors="0" timestamp="21 Jan 2021 07:40:18 GMT">
  <testcase classname="com.triotree.website.Pharmacy.PharmacyBillIPIssueByClickingPartialOrdersTest" name="pharmacyBillIPIssueByClickingPartialOrdersTest" time="897.434"/>
</testsuite> <!-- com.triotree.website.Pharmacy.PharmacyBillIPIssueByClickingPartialOrdersTest -->
