<?xml version="1.0" encoding="UTF-8"?>
<!-- Generated by org.testng.reporters.JUnitReportReporter -->
<testsuite hostname="BMT-LAP-88" failures="0" tests="1" name="com.binmile.test.product.Edit_Product" time="21.695" errors="0" timestamp="11 Aug 2021 12:47:59 GMT">
  <testcase classname="com.binmile.test.product.Edit_Product" name="edit_product" time="21.695"/>
</testsuite> <!-- com.binmile.test.product.Edit_Product -->
