<?xml version="1.0" encoding="UTF-8"?>
<!-- Generated by org.testng.reporters.JUnitReportReporter -->
<testsuite hostname="DESKTOP-U1OL4JI" failures="0" tests="1" name="com.triotree.website.Billing.SettleDueForAnIpPatientTest" time="106.976" errors="0" timestamp="27 May 2021 09:45:01 GMT">
  <testcase classname="com.triotree.website.Billing.SettleDueForAnIpPatientTest" name="settleDueForAnIpPatientTest" time="106.976"/>
</testsuite> <!-- com.triotree.website.Billing.SettleDueForAnIpPatientTest -->
