<?xml version="1.0" encoding="UTF-8"?>
<!-- Generated by org.testng.reporters.JUnitReportReporter -->
<testsuite hostname="DESKTOP-U1OL4JI" failures="0" tests="1" name="com.triotree.website.pages.GeneralItemsTest.CreatePurchaseRequisitionWithoutIndentTest" time="206.775" errors="0" timestamp="11 Feb 2021 12:11:32 GMT">
  <testcase classname="com.triotree.website.pages.GeneralItemsTest.CreatePurchaseRequisitionWithoutIndentTest" name="createPurchaseRequisitionWithoutIndentTest" time="206.775"/>
</testsuite> <!-- com.triotree.website.pages.GeneralItemsTest.CreatePurchaseRequisitionWithoutIndentTest -->
