<?xml version="1.0" encoding="UTF-8"?>
<!-- Generated by org.testng.reporters.JUnitReportReporter -->
<testsuite hostname="DESKTOP-U1OL4JI" failures="0" tests="1" name="com.triotree.website.Physician.InPatientIPViewTest" time="196.069" errors="0" timestamp="20 May 2021 07:24:53 GMT">
  <testcase classname="com.triotree.website.Physician.InPatientIPViewTest" name="inPatientIPViewTest" time="196.069"/>
</testsuite> <!-- com.triotree.website.Physician.InPatientIPViewTest -->
