<?xml version="1.0" encoding="UTF-8"?>
<!-- Generated by org.testng.reporters.JUnitReportReporter -->
<testsuite hostname="BMT-LAP-88" failures="0" tests="1" name="Goggle_test" time="3.540" errors="0" timestamp="15 Jun 2021 16:06:39 GMT">
  <testcase classname="Goggle_test" name="goggle_test" time="3.540"/>
</testsuite> <!-- Goggle_test -->
