<?xml version="1.0" encoding="UTF-8"?>
<!-- Generated by org.testng.reporters.JUnitReportReporter -->
<testsuite hostname="BMT-LAP-88" failures="0" tests="3" name="com.binmile.test.Designation.Add_designation" time="44.116" errors="0" timestamp="11 Aug 2021 06:44:23 GMT">
  <testcase classname="com.binmile.test.Designation.Add_designation" name="add_designation" time="11.932"/>
  <testcase classname="com.binmile.test.Designation.Add_designation" name="delete_designation" time="13.268"/>
  <testcase classname="com.binmile.test.Designation.Add_designation" name="edit_designation" time="18.916"/>
</testsuite> <!-- com.binmile.test.Designation.Add_designation -->
