<?xml version="1.0" encoding="UTF-8"?>
<!-- Generated by org.testng.reporters.JUnitReportReporter -->
<testsuite hostname="DESKTOP-U1OL4JI" failures="0" tests="1" name="com.triotree.website.OT.OTTransferDetailsTest" time="20.153" errors="0" timestamp="24 Apr 2021 09:10:13 GMT">
  <testcase classname="com.triotree.website.OT.OTTransferDetailsTest" name="oTTransferDetailsTest" time="20.153"/>
</testsuite> <!-- com.triotree.website.OT.OTTransferDetailsTest -->
