<?xml version="1.0" encoding="UTF-8"?>
<!-- Generated by org.testng.reporters.JUnitReportReporter -->
<testsuite hostname="BMT-LAP-88" failures="0" tests="1" name="com.binmile.test.role.Edit_role" time="62.621" errors="0" timestamp="10 Aug 2021 13:22:30 GMT">
  <testcase classname="com.binmile.test.role.Edit_role" name="edit_role" time="62.621"/>
</testsuite> <!-- com.binmile.test.role.Edit_role -->
