<?xml version="1.0" encoding="UTF-8"?>
<!-- Generated by org.testng.reporters.JUnitReportReporter -->
<testsuite hostname="DESKTOP-U1OL4JI" failures="0" tests="1" name="com.triotree.website.pages.SampleCollectionTest.WorkListTest" time="694.373" errors="0" timestamp="22 Jan 2021 13:56:25 GMT">
  <testcase classname="com.triotree.website.pages.SampleCollectionTest.WorkListTest" name="workListTest" time="694.373"/>
</testsuite> <!-- com.triotree.website.pages.SampleCollectionTest.WorkListTest -->
