<?xml version="1.0" encoding="UTF-8"?>
<!-- Generated by org.testng.reporters.JUnitReportReporter -->
<testsuite hostname="BMT-LAP-88" failures="0" tests="1" name="com.binmile.test.region.Delete_region" time="44.882" errors="0" timestamp="10 Aug 2021 13:22:29 GMT">
  <testcase classname="com.binmile.test.region.Delete_region" name="delete_region" time="44.882"/>
</testsuite> <!-- com.binmile.test.region.Delete_region -->
