<?xml version="1.0" encoding="UTF-8"?>
<!-- Generated by org.testng.reporters.JUnitReportReporter -->
<testsuite hostname="DESKTOP-U1OL4JI" failures="0" tests="1" name="com.triotree.website.pages.NursingTest.ReportsRePrintBarcodeTest" time="59.985" errors="0" timestamp="13 Jan 2021 09:18:50 GMT">
  <testcase classname="com.triotree.website.pages.NursingTest.ReportsRePrintBarcodeTest" name="reportsRePrintBarcodeTest" time="59.985"/>
</testsuite> <!-- com.triotree.website.pages.NursingTest.ReportsRePrintBarcodeTest -->
