<?xml version="1.0" encoding="UTF-8"?>
<!-- Generated by org.testng.reporters.JUnitReportReporter -->
<testsuite hostname="DESKTOP-U1OL4JI" failures="0" tests="1" name="com.triotree.website.pages.NursingTest.NursingActivityOrderInvestigation" time="676.991" errors="0" timestamp="29 Dec 2020 09:29:27 GMT">
  <testcase classname="com.triotree.website.pages.NursingTest.NursingActivityOrderInvestigation" name="nursingActivityOrderInvestigation" time="676.991"/>
</testsuite> <!-- com.triotree.website.pages.NursingTest.NursingActivityOrderInvestigation -->
