<?xml version="1.0" encoding="UTF-8"?>
<!-- Generated by org.testng.reporters.JUnitReportReporter -->
<testsuite hostname="BMT-LAP-88" failures="0" tests="1" name="com.binmile.test.product.Add_product" time="15.974" errors="0" timestamp="12 Aug 2021 07:18:12 GMT">
  <testcase classname="com.binmile.test.product.Add_product" name="add_product" time="15.974"/>
</testsuite> <!-- com.binmile.test.product.Add_product -->
