<?xml version="1.0" encoding="UTF-8"?>
<!-- Generated by org.testng.reporters.JUnitReportReporter -->
<testsuite hostname="DESKTOP-U1OL4JI" failures="0" tests="1" name="com.triotree.website.pages.GeneralItemsTest.ItemWiseIndentPRPOTest" time="45.362" errors="0" timestamp="16 Feb 2021 07:25:18 GMT">
  <testcase classname="com.triotree.website.pages.GeneralItemsTest.ItemWiseIndentPRPOTest" name="itemWiseIndentPRPOTest" time="45.362"/>
</testsuite> <!-- com.triotree.website.pages.GeneralItemsTest.ItemWiseIndentPRPOTest -->
