<?xml version="1.0" encoding="UTF-8"?>
<!-- Generated by org.testng.reporters.JUnitReportReporter -->
<testsuite hostname="DESKTOP-U1OL4JI" failures="0" tests="1" name="com.triotree.website.pages.NursingTest.AddToMyListTest" time="357.757" errors="0" timestamp="18 Jan 2021 09:37:02 GMT">
  <testcase classname="com.triotree.website.pages.NursingTest.AddToMyListTest" name="addToMyListTest" time="357.757"/>
</testsuite> <!-- com.triotree.website.pages.NursingTest.AddToMyListTest -->
