<?xml version="1.0" encoding="UTF-8"?>
<!-- Generated by org.testng.reporters.JUnitReportReporter -->
<testsuite hostname="DESKTOP-U1OL4JI" failures="0" tests="1" name="com.triotree.website.pages.GeneralItemsTest.PurchaseReceiptDetailSupplierWiseTest" time="78.025" errors="0" timestamp="12 Feb 2021 12:16:27 GMT">
  <testcase classname="com.triotree.website.pages.GeneralItemsTest.PurchaseReceiptDetailSupplierWiseTest" name="purchaseReceiptDetailSupplierWiseTest" time="78.025"/>
</testsuite> <!-- com.triotree.website.pages.GeneralItemsTest.PurchaseReceiptDetailSupplierWiseTest -->
