<?xml version="1.0" encoding="UTF-8"?>
<!-- Generated by org.testng.reporters.JUnitReportReporter -->
<testsuite hostname="DESKTOP-U1OL4JI" failures="0" tests="1" name="com.triotree.website.OT.ViewAdmissionSurgeryRequestTest" time="231.799" errors="0" timestamp="4 Jun 2021 07:20:24 GMT">
  <testcase classname="com.triotree.website.OT.ViewAdmissionSurgeryRequestTest" name="viewAdmissionSurgeryRequestTest" time="231.799"/>
</testsuite> <!-- com.triotree.website.OT.ViewAdmissionSurgeryRequestTest -->
