<?xml version="1.0" encoding="UTF-8"?>
<!-- Generated by org.testng.reporters.JUnitReportReporter -->
<testsuite hostname="DESKTOP-U1OL4JI" failures="0" tests="1" name="com.triotree.website.pages.NursingTest.InfectiousVulnerableTest" time="71.438" errors="0" timestamp="15 Jan 2021 11:28:54 GMT">
  <testcase classname="com.triotree.website.pages.NursingTest.InfectiousVulnerableTest" name="infectiousVulnerableTest" time="71.438"/>
</testsuite> <!-- com.triotree.website.pages.NursingTest.InfectiousVulnerableTest -->
