<?xml version="1.0" encoding="UTF-8"?>
<!-- Generated by org.testng.reporters.JUnitReportReporter -->
<testsuite hostname="DESKTOP-U1OL4JI" failures="0" tests="1" name="com.triotree.website.pages.DiagnosticsTest.EquipmentScheduleReportTest" time="86.359" errors="0" timestamp="20 Jan 2021 11:39:48 GMT">
  <testcase classname="com.triotree.website.pages.DiagnosticsTest.EquipmentScheduleReportTest" name="equipmentScheduleReportTest" time="86.359"/>
</testsuite> <!-- com.triotree.website.pages.DiagnosticsTest.EquipmentScheduleReportTest -->
