<?xml version="1.0" encoding="UTF-8"?>
<!-- Generated by org.testng.reporters.JUnitReportReporter -->
<testsuite hostname="DESKTOP-U1OL4JI" failures="0" tests="1" name="com.triotree.website.Physician.PhysicianOtherHistoryTest" time="168.996" errors="0" timestamp="30 Apr 2021 06:06:19 GMT">
  <testcase classname="com.triotree.website.Physician.PhysicianOtherHistoryTest" name="physicianOtherHistoryTest" time="168.996"/>
</testsuite> <!-- com.triotree.website.Physician.PhysicianOtherHistoryTest -->
