<?xml version="1.0" encoding="UTF-8"?>
<!-- Generated by org.testng.reporters.JUnitReportReporter -->
<testsuite hostname="DESKTOP-U1OL4JI" failures="0" tests="1" name="com.triotree.website.pages.NursingTest.SalesAndConsumptionTest" time="67.573" errors="0" timestamp="25 Feb 2021 09:41:10 GMT">
  <testcase classname="com.triotree.website.pages.NursingTest.SalesAndConsumptionTest" name="salesAndConsumptionTest" time="67.573"/>
</testsuite> <!-- com.triotree.website.pages.NursingTest.SalesAndConsumptionTest -->
