<?xml version="1.0" encoding="UTF-8"?>
<!-- Generated by org.testng.reporters.JUnitReportReporter -->
<testsuite hostname="DESKTOP-U1OL4JI" failures="0" tests="1" name="com.triotree.website.pages.GeneralItemsTest.IndentReturnAckTest" time="86.911" errors="0" timestamp="18 Feb 2021 12:16:37 GMT">
  <testcase classname="com.triotree.website.pages.GeneralItemsTest.IndentReturnAckTest" name="indentReturnAckTest" time="86.911"/>
</testsuite> <!-- com.triotree.website.pages.GeneralItemsTest.IndentReturnAckTest -->
