<?xml version="1.0" encoding="UTF-8"?>
<!-- Generated by org.testng.reporters.JUnitReportReporter -->
<testsuite hostname="DESKTOP-U1OL4JI" failures="0" tests="1" name="com.triotree.website.Billing.ModifyPatientFinancialDetailThroughEditFinancialTest" time="264.898" errors="0" timestamp="5 Jun 2021 13:07:38 GMT">
  <testcase classname="com.triotree.website.Billing.ModifyPatientFinancialDetailThroughEditFinancialTest" name="modifyPatientFinancialDetailThroughEditFinancialTest" time="264.898"/>
</testsuite> <!-- com.triotree.website.Billing.ModifyPatientFinancialDetailThroughEditFinancialTest -->
