<?xml version="1.0" encoding="UTF-8"?>
<!-- Generated by org.testng.reporters.JUnitReportReporter -->
<testsuite hostname="DESKTOP-U1OL4JI" failures="0" tests="1" name="com.triotree.website.Physician.MasterNotificationTest" time="69.020" errors="0" timestamp="29 Apr 2021 11:14:31 GMT">
  <testcase classname="com.triotree.website.Physician.MasterNotificationTest" name="masterNotificationTest" time="69.020"/>
</testsuite> <!-- com.triotree.website.Physician.MasterNotificationTest -->
