<?xml version="1.0" encoding="UTF-8"?>
<!-- Generated by org.testng.reporters.JUnitReportReporter -->
<testsuite hostname="DESKTOP-U1OL4JI" failures="0" tests="1" name="com.triotree.website.ARModule.CoveringLetterTest" time="214.507" errors="0" timestamp="31 May 2021 04:59:46 GMT">
  <testcase classname="com.triotree.website.ARModule.CoveringLetterTest" name="coveringLetterTest" time="214.507"/>
</testsuite> <!-- com.triotree.website.ARModule.CoveringLetterTest -->
