<?xml version="1.0" encoding="UTF-8"?>
<!-- Generated by org.testng.reporters.JUnitReportReporter -->
<testsuite hostname="BMT-LAP-88" failures="0" tests="3" name="com.binmile.test.role.Add_role" time="39.460" errors="0" timestamp="11 Aug 2021 07:48:07 GMT">
  <testcase classname="com.binmile.test.role.Add_role" name="add_role" time="10.378"/>
  <testcase classname="com.binmile.test.role.Add_role" name="edit_role" time="14.845"/>
  <testcase classname="com.binmile.test.role.Add_role" name="deleteRoll" time="14.237"/>
</testsuite> <!-- com.binmile.test.role.Add_role -->
