<?xml version="1.0" encoding="UTF-8"?>
<!-- Generated by org.testng.reporters.JUnitReportReporter -->
<testsuite hostname="DESKTOP-U1OL4JI" failures="0" tests="1" name="com.triotree.website.pages.GeneralItemsTest.PurchaseReceiptGRNWithPOTest" time="49.065" errors="0" timestamp="15 Feb 2021 08:45:25 GMT">
  <testcase classname="com.triotree.website.pages.GeneralItemsTest.PurchaseReceiptGRNWithPOTest" name="purchaseReceiptGRNWithPOTest" time="49.065"/>
</testsuite> <!-- com.triotree.website.pages.GeneralItemsTest.PurchaseReceiptGRNWithPOTest -->
