<?xml version="1.0" encoding="UTF-8"?>
<!-- Generated by org.testng.reporters.JUnitReportReporter -->
<testsuite hostname="DESKTOP-U1OL4JI" failures="0" tests="1" name="com.triotree.website.pages.NursingTest.PendingRequisitionForInPatientReportTest" time="40.288" errors="0" timestamp="12 Jan 2021 11:48:58 GMT">
  <testcase classname="com.triotree.website.pages.NursingTest.PendingRequisitionForInPatientReportTest" name="pendingRequisitionForInPatientReportTest" time="40.288"/>
</testsuite> <!-- com.triotree.website.pages.NursingTest.PendingRequisitionForInPatientReportTest -->
