<?xml version="1.0" encoding="UTF-8"?>
<!-- Generated by org.testng.reporters.JUnitReportReporter -->
<testsuite hostname="DESKTOP-U1OL4JI" failures="0" tests="1" name="com.triotree.website.OT.OTSchedulingTest" time="85.474" errors="0" timestamp="4 Jun 2021 08:11:24 GMT">
  <testcase classname="com.triotree.website.OT.OTSchedulingTest" name="oTSchedulingTest" time="85.474"/>
</testsuite> <!-- com.triotree.website.OT.OTSchedulingTest -->
