<?xml version="1.0" encoding="UTF-8"?>
<!-- Generated by org.testng.reporters.JUnitReportReporter -->
<testsuite hostname="DESKTOP-U1OL4JI" failures="0" tests="1" name="com.triotree.test.website.ADT.VerifyBedStatus" time="38.310" errors="0" timestamp="20 Aug 2020 06:21:05 GMT">
  <testcase classname="com.triotree.test.website.ADT.VerifyBedStatus" name="bedStatusPatientDetailsReleaseBedandBlockUnblockBedTest" time="38.310"/>
</testsuite> <!-- com.triotree.test.website.ADT.VerifyBedStatus -->
