<?xml version="1.0" encoding="UTF-8"?>
<!-- Generated by org.testng.reporters.JUnitReportReporter -->
<testsuite hostname="DESKTOP-U1OL4JI" failures="0" tests="1" name="com.triotree.website.pages.DiagnosticsTest.WorkPlaceOutpatientTest" time="242.056" errors="0" timestamp="21 Dec 2020 10:38:30 GMT">
  <testcase classname="com.triotree.website.pages.DiagnosticsTest.WorkPlaceOutpatientTest" name="tATReportTest" time="242.056"/>
</testsuite> <!-- com.triotree.website.pages.DiagnosticsTest.WorkPlaceOutpatientTest -->
