<?xml version="1.0" encoding="UTF-8"?>
<!-- Generated by org.testng.reporters.JUnitReportReporter -->
<testsuite hostname="DESKTOP-U1OL4JI" failures="0" tests="1" name="com.triotree.website.pages.GeneralItemsTest.IssueInPendingPurchaseRequisitionReport" time="94.950" errors="0" timestamp="7 Jun 2021 11:53:26 GMT">
  <testcase classname="com.triotree.website.pages.GeneralItemsTest.IssueInPendingPurchaseRequisitionReport" name="issueInPendingPurchaseRequisitionReport" time="94.950"/>
</testsuite> <!-- com.triotree.website.pages.GeneralItemsTest.IssueInPendingPurchaseRequisitionReport -->
