<?xml version="1.0" encoding="UTF-8"?>
<!-- Generated by org.testng.reporters.JUnitReportReporter -->
<testsuite hostname="DESKTOP-U1OL4JI" failures="0" tests="1" name="akashdemo.Testsecond" time="15.988" errors="0" timestamp="16 Apr 2021 06:42:56 GMT">
  <testcase classname="akashdemo.Testsecond" name="test" time="15.988"/>
</testsuite> <!-- akashdemo.Testsecond -->
