<?xml version="1.0" encoding="UTF-8"?>
<!-- Generated by org.testng.reporters.JUnitReportReporter -->
<testsuite hostname="DESKTOP-U1OL4JI" failures="0" tests="1" name="com.triotree.website.pages.NursingTest.ReportsPrintLabelTest" time="46.120" errors="0" timestamp="13 Jan 2021 06:41:16 GMT">
  <testcase classname="com.triotree.website.pages.NursingTest.ReportsPrintLabelTest" name="reportsPrintLabelTest" time="46.120"/>
</testsuite> <!-- com.triotree.website.pages.NursingTest.ReportsPrintLabelTest -->
