<?xml version="1.0" encoding="UTF-8"?>
<!-- Generated by org.testng.reporters.JUnitReportReporter -->
<testsuite hostname="BMT-LAP-88" failures="0" tests="1" name="com.binmile.test.policy_management.Leads_list" time="28.142" errors="0" timestamp="11 Aug 2021 12:48:00 GMT">
  <testcase classname="com.binmile.test.policy_management.Leads_list" name="lead_list" time="28.142"/>
</testsuite> <!-- com.binmile.test.policy_management.Leads_list -->
