<?xml version="1.0" encoding="UTF-8"?>
<!-- Generated by org.testng.reporters.JUnitReportReporter -->
<testsuite hostname="BMT-LAP-88" failures="0" tests="3" name="com.binmile.test.plan_type.Add_Edit_Delete_plan_type" time="41.296" errors="0" timestamp="12 Aug 2021 05:37:14 GMT">
  <testcase classname="com.binmile.test.plan_type.Add_Edit_Delete_plan_type" name="edit_plan_type" time="11.907"/>
  <testcase classname="com.binmile.test.plan_type.Add_Edit_Delete_plan_type" name="delete_plan_type" time="14.167"/>
  <testcase classname="com.binmile.test.plan_type.Add_Edit_Delete_plan_type" name="add_plan_type" time="15.222"/>
</testsuite> <!-- com.binmile.test.plan_type.Add_Edit_Delete_plan_type -->
