<?xml version="1.0" encoding="UTF-8"?>
<!-- Generated by org.testng.reporters.JUnitReportReporter -->
<testsuite hostname="DESKTOP-U1OL4JI" failures="0" tests="1" name="com.triotree.website.Pharmacy.OPSaleItemBounceReportTest" time="116.815" errors="0" timestamp="22 Mar 2021 12:10:44 GMT">
  <testcase classname="com.triotree.website.Pharmacy.OPSaleItemBounceReportTest" name="oPSaleItemBounceReportTest" time="116.815"/>
</testsuite> <!-- com.triotree.website.Pharmacy.OPSaleItemBounceReportTest -->
