<?xml version="1.0" encoding="UTF-8"?>
<!-- Generated by org.testng.reporters.JUnitReportReporter -->
<testsuite hostname="DESKTOP-U1OL4JI" failures="0" tests="1" name="com.triotree.website.Physician.PhysicianOPDCaseSheetOrder" time="210.424" errors="0" timestamp="5 Jun 2021 07:55:00 GMT">
  <testcase classname="com.triotree.website.Physician.PhysicianOPDCaseSheetOrder" name="PhysicianOPDCaseSheetOrderSetTest" time="210.424"/>
</testsuite> <!-- com.triotree.website.Physician.PhysicianOPDCaseSheetOrder -->
