<?xml version="1.0" encoding="UTF-8"?>
<!-- Generated by org.testng.reporters.JUnitReportReporter -->
<testsuite hostname="DESKTOP-U1OL4JI" failures="0" tests="1" name="com.triotree.website.pages.GeneralItemsTest.PurchaseOrderClosureTest" time="109.331" errors="0" timestamp="22 Feb 2021 10:34:22 GMT">
  <testcase classname="com.triotree.website.pages.GeneralItemsTest.PurchaseOrderClosureTest" name="purchaseOrderClosureTest" time="109.331"/>
</testsuite> <!-- com.triotree.website.pages.GeneralItemsTest.PurchaseOrderClosureTest -->
