<?xml version="1.0" encoding="UTF-8"?>
<!-- Generated by org.testng.reporters.JUnitReportReporter -->
<testsuite hostname="DESKTOP-U1OL4JI" failures="0" tests="1" name="com.triotree.website.pages.NursingTest.NursingPatientNotinWardTest" time="81.129" errors="0" timestamp="22 Jan 2021 08:47:51 GMT">
  <testcase classname="com.triotree.website.pages.NursingTest.NursingPatientNotinWardTest" name="nursingPatientNotinWardTest" time="81.129"/>
</testsuite> <!-- com.triotree.website.pages.NursingTest.NursingPatientNotinWardTest -->
