<?xml version="1.0" encoding="UTF-8"?>
<!-- Generated by org.testng.reporters.JUnitReportReporter -->
<testsuite hostname="DESKTOP-U1OL4JI" failures="0" tests="1" name="com.triotree.website.pages.NursingTest.CumulativeLabReportsTest" time="71.861" errors="0" timestamp="18 Jan 2021 06:45:11 GMT">
  <testcase classname="com.triotree.website.pages.NursingTest.CumulativeLabReportsTest" name="cumulativeLabReportsTest" time="71.861"/>
</testsuite> <!-- com.triotree.website.pages.NursingTest.CumulativeLabReportsTest -->
