<?xml version="1.0" encoding="UTF-8"?>
<!-- Generated by org.testng.reporters.JUnitReportReporter -->
<testsuite hostname="BMT-LAP-88" failures="0" tests="1" name="TestNGTodo" time="8.580" errors="0" timestamp="20 Jul 2021 04:50:31 GMT">
  <testcase classname="TestNGTodo" name="testSimple" time="8.580"/>
</testsuite> <!-- TestNGTodo -->
