<?xml version="1.0" encoding="UTF-8"?>
<!-- Generated by org.testng.reporters.JUnitReportReporter -->
<testsuite hostname="BMT-LAP-88" failures="0" tests="2" name="com.binmile.test.region.Add_region" time="35.833" errors="0" timestamp="11 Aug 2021 10:52:19 GMT">
  <testcase classname="com.binmile.test.region.Add_region" name="add_region" time="8.960"/>
  <testcase classname="com.binmile.test.region.Add_region" name="edit_region" time="26.873"/>
</testsuite> <!-- com.binmile.test.region.Add_region -->
