<?xml version="1.0" encoding="UTF-8"?>
<!-- Generated by org.testng.reporters.JUnitReportReporter -->
<testsuite hostname="DESKTOP-U1OL4JI" failures="0" tests="1" name="com.triotree.website.Billing.ComparativeBillReportTest" time="174.993" errors="0" timestamp="5 Jun 2021 11:08:55 GMT">
  <testcase classname="com.triotree.website.Billing.ComparativeBillReportTest" name="comparativeBillReportTest" time="174.993"/>
</testsuite> <!-- com.triotree.website.Billing.ComparativeBillReportTest -->
