<?xml version="1.0" encoding="UTF-8"?>
<!-- Generated by org.testng.reporters.JUnitReportReporter -->
<testsuite hostname="DESKTOP-U1OL4JI" failures="0" tests="1" name="com.triotree.website.pages.NursingTest.IPViewTest" time="47.706" errors="0" timestamp="4 Jan 2021 13:00:01 GMT">
  <testcase classname="com.triotree.website.pages.NursingTest.IPViewTest" name="iPViewTest" time="47.706"/>
</testsuite> <!-- com.triotree.website.pages.NursingTest.IPViewTest -->
