<?xml version="1.0" encoding="UTF-8"?>
<!-- Generated by org.testng.reporters.JUnitReportReporter -->
<testsuite hostname="DESKTOP-U1OL4JI" failures="0" tests="1" name="com.triotree.website.ARModule.ManualPaymentReceiptFromExcelTest" time="76.865" errors="0" timestamp="21 Apr 2021 05:25:56 GMT">
  <testcase classname="com.triotree.website.ARModule.ManualPaymentReceiptFromExcelTest" name="manualPaymentReceiptByApportionBillTest" time="76.865"/>
</testsuite> <!-- com.triotree.website.ARModule.ManualPaymentReceiptFromExcelTest -->
