<?xml version="1.0" encoding="UTF-8"?>
<!-- Generated by org.testng.reporters.JUnitReportReporter -->
<testsuite hostname="DESKTOP-U1OL4JI" failures="0" tests="1" name="com.triotree.website.LabMedicineTest.DeltaCheckVarianceReportTest" time="161.713" errors="0" timestamp="9 Mar 2021 05:22:09 GMT">
  <testcase classname="com.triotree.website.LabMedicineTest.DeltaCheckVarianceReportTest" name="deltaCheckVarianceReportTest" time="161.713"/>
</testsuite> <!-- com.triotree.website.LabMedicineTest.DeltaCheckVarianceReportTest -->
