<?xml version="1.0" encoding="UTF-8"?>
<!-- Generated by org.testng.reporters.JUnitReportReporter -->
<testsuite hostname="BMT-LAP-88" failures="0" tests="1" name="com.binmile.test.insurance_type.Edit_insurance_type" time="10.963" errors="0" timestamp="12 Aug 2021 04:35:13 GMT">
  <testcase classname="com.binmile.test.insurance_type.Edit_insurance_type" name="edit_insurance" time="10.963"/>
</testsuite> <!-- com.binmile.test.insurance_type.Edit_insurance_type -->
