<?xml version="1.0" encoding="UTF-8"?>
<!-- Generated by org.testng.reporters.JUnitReportReporter -->
<testsuite hostname="DESKTOP-U1OL4JI" failures="0" tests="1" name="com.triotree.website.pages.NursingTest.NursingMedicalEquipmentTest" time="131.289" errors="0" timestamp="11 Jan 2021 04:53:37 GMT">
  <testcase classname="com.triotree.website.pages.NursingTest.NursingMedicalEquipmentTest" name="nursingMedicalEquipmentTest" time="131.289"/>
</testsuite> <!-- com.triotree.website.pages.NursingTest.NursingMedicalEquipmentTest -->
