<?xml version="1.0" encoding="UTF-8"?>
<!-- Generated by org.testng.reporters.JUnitReportReporter -->
<testsuite hostname="BMT-LAP-88" failures="0" tests="1" name="com.binmile.test.role.Add_permission" time="20.852" errors="0" timestamp="12 Aug 2021 04:32:40 GMT">
  <testcase classname="com.binmile.test.role.Add_permission" name="add_permission" time="20.852"/>
</testsuite> <!-- com.binmile.test.role.Add_permission -->
