<?xml version="1.0" encoding="UTF-8"?>
<!-- Generated by org.testng.reporters.JUnitReportReporter -->
<testsuite hostname="DESKTOP-U1OL4JI" failures="0" tests="1" name="com.triotree.website.ARModule.ARDepositRefundTest" time="333.568" errors="0" timestamp="31 May 2021 04:59:45 GMT">
  <testcase classname="com.triotree.website.ARModule.ARDepositRefundTest" name="aRDepositRefundTest" time="333.568"/>
</testsuite> <!-- com.triotree.website.ARModule.ARDepositRefundTest -->
