<?xml version="1.0" encoding="UTF-8"?>
<!-- Generated by org.testng.reporters.JUnitReportReporter -->
<testsuite hostname="DESKTOP-U1OL4JI" failures="0" tests="1" name="com.triotree.website.pages.NursingTest.SalesAndConsumptionActivitySheetTest" time="44.427" errors="0" timestamp="24 Dec 2020 09:29:04 GMT">
  <testcase classname="com.triotree.website.pages.NursingTest.SalesAndConsumptionActivitySheetTest" name="salesAndConsumptionActivitySheetTest" time="44.427"/>
</testsuite> <!-- com.triotree.website.pages.NursingTest.SalesAndConsumptionActivitySheetTest -->
