<?xml version="1.0" encoding="UTF-8"?>
<!-- Generated by org.testng.reporters.JUnitReportReporter -->
<testsuite hostname="DESKTOP-U1OL4JI" failures="0" tests="1" name="com.triotree.website.Billing.ReportCommonScroll" time="122.585" errors="0" timestamp="27 May 2021 08:28:45 GMT">
  <testcase classname="com.triotree.website.Billing.ReportCommonScroll" name="commonscrollreport" time="122.585"/>
</testsuite> <!-- com.triotree.website.Billing.ReportCommonScroll -->
