<?xml version="1.0" encoding="UTF-8"?>
<!-- Generated by org.testng.reporters.JUnitReportReporter -->
<testsuite hostname="DESKTOP-U1OL4JI" failures="0" tests="1" name="com.triotree.website.Billing.ModifyCreditlimitforcompanypatientThroughCompanyDetailTabTest" time="163.779" errors="0" timestamp="5 Jun 2021 13:02:11 GMT">
  <testcase classname="com.triotree.website.Billing.ModifyCreditlimitforcompanypatientThroughCompanyDetailTabTest" name="modifyCreditlimitforcompanypatientThroughCompanyDetailTabTest" time="163.779"/>
</testsuite> <!-- com.triotree.website.Billing.ModifyCreditlimitforcompanypatientThroughCompanyDetailTabTest -->
