<?xml version="1.0" encoding="UTF-8"?>
<!-- Generated by org.testng.reporters.JUnitReportReporter -->
<testsuite hostname="DESKTOP-U1OL4JI" failures="0" tests="1" name="com.triotree.website.Emergency.ERRegistrationReprintlabelTest" time="85.121" errors="0" timestamp="4 Jun 2021 06:12:12 GMT">
  <testcase classname="com.triotree.website.Emergency.ERRegistrationReprintlabelTest" name="eRRegistrationReprintlabelTest" time="85.121"/>
</testsuite> <!-- com.triotree.website.Emergency.ERRegistrationReprintlabelTest -->
