<?xml version="1.0" encoding="UTF-8"?>
<!-- Generated by org.testng.reporters.JUnitReportReporter -->
<testsuite hostname="DESKTOP-U1OL4JI" failures="0" tests="1" name="com.triotree.website.pages.GeneralItemsTest.PurchaseReceiptSummarySupplierWiseTest" time="103.568" errors="0" timestamp="12 Feb 2021 08:39:37 GMT">
  <testcase classname="com.triotree.website.pages.GeneralItemsTest.PurchaseReceiptSummarySupplierWiseTest" name="purchaseReceiptSummarySupplierWiseTest" time="103.568"/>
</testsuite> <!-- com.triotree.website.pages.GeneralItemsTest.PurchaseReceiptSummarySupplierWiseTest -->
