<?xml version="1.0" encoding="UTF-8"?>
<!-- Generated by org.testng.reporters.JUnitReportReporter -->
<testsuite hostname="DESKTOP-U1OL4JI" failures="0" tests="1" name="CheckCreditCurrentInPatientAndAddRemarks" time="177.009" errors="0" timestamp="24 May 2021 09:29:07 GMT">
  <testcase classname="CheckCreditCurrentInPatientAndAddRemarks" name="checkCreditCurrentInPatientAndAddRemarks" time="177.009"/>
</testsuite> <!-- CheckCreditCurrentInPatientAndAddRemarks -->
