<?xml version="1.0" encoding="UTF-8"?>
<!-- Generated by org.testng.reporters.JUnitReportReporter -->
<testsuite hostname="BMT-LAP-88" failures="0" tests="1" name="com.binmile.test.region.Region_list" time="17.061" errors="0" timestamp="12 Aug 2021 04:33:52 GMT">
  <testcase classname="com.binmile.test.region.Region_list" name="region_list" time="17.061"/>
</testsuite> <!-- com.binmile.test.region.Region_list -->
