<?xml version="1.0" encoding="UTF-8"?>
<!-- Generated by org.testng.reporters.JUnitReportReporter -->
<testsuite hostname="DESKTOP-U1OL4JI" failures="0" tests="1" name="com.triotree.website.pages.GeneralItemsTest.PurchaseReturnDetailsTest" time="63.700" errors="0" timestamp="16 Feb 2021 12:39:45 GMT">
  <testcase classname="com.triotree.website.pages.GeneralItemsTest.PurchaseReturnDetailsTest" name="purchaseReturnDetailsTest" time="63.700"/>
</testsuite> <!-- com.triotree.website.pages.GeneralItemsTest.PurchaseReturnDetailsTest -->
