<?xml version="1.0" encoding="UTF-8"?>
<!-- Generated by org.testng.reporters.JUnitReportReporter -->
<testsuite hostname="DESKTOP-U1OL4JI" failures="0" tests="1" name="com.triotree.website.Physician.VitalDependencyVaccinationMasterAndThresholdGrap" time="39.681" errors="0" timestamp="1 Sep 2020 05:14:17 GMT">
  <testcase classname="com.triotree.website.Physician.VitalDependencyVaccinationMasterAndThresholdGrap" name="clinicalMasterVitalsTest" time="39.681"/>
</testsuite> <!-- com.triotree.website.Physician.VitalDependencyVaccinationMasterAndThresholdGrap -->
