<?xml version="1.0" encoding="UTF-8"?>
<!-- Generated by org.testng.reporters.JUnitReportReporter -->
<testsuite hostname="DESKTOP-U1OL4JI" failures="0" tests="1" name="com.triotree.website.pages.GeneralItemsTest.PODetailReportsTest" time="49.852" errors="0" timestamp="18 Feb 2021 06:00:21 GMT">
  <testcase classname="com.triotree.website.pages.GeneralItemsTest.PODetailReportsTest" name="poDetailReportsTest" time="49.852"/>
</testsuite> <!-- com.triotree.website.pages.GeneralItemsTest.PODetailReportsTest -->
