<?xml version="1.0" encoding="UTF-8"?>
<!-- Generated by org.testng.reporters.JUnitReportReporter -->
<testsuite hostname="DESKTOP-U1OL4JI" failures="0" tests="1" name="com.triotree.website.Physician.PhysicianProgressNotesTest" time="215.894" errors="0" timestamp="28 May 2021 10:51:09 GMT">
  <testcase classname="com.triotree.website.Physician.PhysicianProgressNotesTest" name="physicianProgressNotesTest" time="215.894"/>
</testsuite> <!-- com.triotree.website.Physician.PhysicianProgressNotesTest -->
