<?xml version="1.0" encoding="UTF-8"?>
<!-- Generated by org.testng.reporters.JUnitReportReporter -->
<testsuite hostname="DESKTOP-U1OL4JI" failures="0" tests="1" name="com.triotree.website.Physician.PatientEducationMaterialMasterTest" time="96.299" errors="0" timestamp="29 Apr 2021 12:51:54 GMT">
  <testcase classname="com.triotree.website.Physician.PatientEducationMaterialMasterTest" name="patientEducationMaterialMasterTest" time="96.299"/>
</testsuite> <!-- com.triotree.website.Physician.PatientEducationMaterialMasterTest -->
