<?xml version="1.0" encoding="UTF-8"?>
<!-- Generated by org.testng.reporters.JUnitReportReporter -->
<testsuite hostname="BMT-LAP-88" failures="0" tests="1" name="training_management.Traning_management_list" time="115.854" errors="0" timestamp="9 Aug 2021 05:14:59 GMT">
  <testcase classname="training_management.Traning_management_list" name="Training_list" time="115.854"/>
</testsuite> <!-- training_management.Traning_management_list -->
