<?xml version="1.0" encoding="UTF-8"?>
<!-- Generated by org.testng.reporters.JUnitReportReporter -->
<testsuite hostname="DESKTOP-U1OL4JI" failures="0" tests="1" name="com.triotree.website.Billing.CheckSurgeryBreakupReportIfSurgeryDoneTest" time="185.091" errors="0" timestamp="5 Jun 2021 11:05:00 GMT">
  <testcase classname="com.triotree.website.Billing.CheckSurgeryBreakupReportIfSurgeryDoneTest" name="checkSurgeryBreakupReportIfSurgeryDoneTest" time="185.091"/>
</testsuite> <!-- com.triotree.website.Billing.CheckSurgeryBreakupReportIfSurgeryDoneTest -->
