<?xml version="1.0" encoding="UTF-8"?>
<!-- Generated by org.testng.reporters.JUnitReportReporter -->
<testsuite hostname="BMT-LAP-88" failures="0" tests="1" name="training_management.Add_question" time="26.242" errors="0" timestamp="9 Aug 2021 11:21:39 GMT">
  <testcase classname="training_management.Add_question" name="add_question" time="26.242"/>
</testsuite> <!-- training_management.Add_question -->
