<?xml version="1.0" encoding="UTF-8"?>
<!-- Generated by org.testng.reporters.JUnitReportReporter -->
<testsuite hostname="DESKTOP-U1OL4JI" failures="0" tests="1" name="com.triotree.website.Physician.InpatientRMOProgressHandoverNotes" time="94.113" errors="0" timestamp="2 Sep 2020 05:27:24 GMT">
  <testcase classname="com.triotree.website.Physician.InpatientRMOProgressHandoverNotes" name="InpatientRMOProgressHandoverNotesTest" time="94.113"/>
</testsuite> <!-- com.triotree.website.Physician.InpatientRMOProgressHandoverNotes -->
