<?xml version="1.0" encoding="UTF-8"?>
<!-- Generated by org.testng.reporters.JUnitReportReporter -->
<testsuite hostname="DESKTOP-U1OL4JI" failures="0" tests="1" name="com.triotree.website.pages.DischargeSummaryTest.DischargeSummaryPrintVerifyAndDeleteTest" time="576.063" errors="0" timestamp="8 Feb 2021 05:30:39 GMT">
  <testcase classname="com.triotree.website.pages.DischargeSummaryTest.DischargeSummaryPrintVerifyAndDeleteTest" name="dischargeSummaryTest" time="576.063"/>
</testsuite> <!-- com.triotree.website.pages.DischargeSummaryTest.DischargeSummaryPrintVerifyAndDeleteTest -->
