<?xml version="1.0" encoding="UTF-8"?>
<!-- Generated by org.testng.reporters.JUnitReportReporter -->
<testsuite hostname="DESKTOP-U1OL4JI" failures="0" tests="1" name="com.triotree.website.Physician.PhysicianExistingOrdersOPCasesheet" time="122.657" errors="0" timestamp="30 Apr 2021 04:05:43 GMT">
  <testcase classname="com.triotree.website.Physician.PhysicianExistingOrdersOPCasesheet" name="PhysicianExistingOrdersOPCasesheetTest" time="122.657"/>
</testsuite> <!-- com.triotree.website.Physician.PhysicianExistingOrdersOPCasesheet -->
