<?xml version="1.0" encoding="UTF-8"?>
<!-- Generated by org.testng.reporters.JUnitReportReporter -->
<testsuite hostname="DESKTOP-U1OL4JI" failures="0" tests="1" name="com.triotree.website.pages.PackageAndPlansTest.AssignFamilyPlanTest" time="101.570" errors="0" timestamp="19 Mar 2021 09:13:05 GMT">
  <testcase classname="com.triotree.website.pages.PackageAndPlansTest.AssignFamilyPlanTest" name="assignFamilyPlanTest" time="101.570"/>
</testsuite> <!-- com.triotree.website.pages.PackageAndPlansTest.AssignFamilyPlanTest -->
