<?xml version="1.0" encoding="UTF-8"?>
<!-- Generated by org.testng.reporters.JUnitReportReporter -->
<testsuite hostname="DESKTOP-U1OL4JI" failures="0" tests="18" name="com.triotree.test.website.InventroyModule.InventoryModuleTest" time="2546.245" errors="0" timestamp="7 May 2021 12:39:36 GMT">
  <testcase classname="com.triotree.test.website.InventroyModule.InventoryModuleTest" name="purchaseOrderWithoutPRWithFreeItemsTest" time="257.301"/>
  <testcase classname="com.triotree.test.website.InventroyModule.InventoryModuleTest" name="inventoryWithIndentApprovalTest" time="123.324"/>
  <testcase classname="com.triotree.test.website.InventroyModule.InventoryModuleTest" name="inventoryIndentIssueWithManualModeTest" time="156.193"/>
  <testcase classname="com.triotree.test.website.InventroyModule.InventoryModuleTest" name="purchaseorderapprovaltestcase" time="34.602"/>
  <testcase classname="com.triotree.test.website.InventroyModule.InventoryModuleTest" name="inventoryPurchaseReqiuistion2Test" time="166.768"/>
  <testcase classname="com.triotree.test.website.InventroyModule.InventoryModuleTest" name="Inventoryindentclosuretestcase" time="189.003"/>
  <testcase classname="com.triotree.test.website.InventroyModule.InventoryModuleTest" name="inventoryItemReceiptWithIndentOrderTest" time="57.111"/>
  <testcase classname="com.triotree.test.website.InventroyModule.InventoryModuleTest" name="InventoryPaymentAdvicesTestCase" time="85.036"/>
  <testcase classname="com.triotree.test.website.InventroyModule.InventoryModuleTest" name="InventorywithOPBillabeConsumption1TestCase" time="427.062"/>
  <testcase classname="com.triotree.test.website.InventroyModule.InventoryModuleTest" name="InventoryGRNReturnwithoutGRNTestCase" time="47.971"/>
  <testcase classname="com.triotree.test.website.InventroyModule.InventoryModuleTest" name="inventoryPurchaseReqiuistionWithoutIndentsTest" time="175.650"/>
  <testcase classname="com.triotree.test.website.InventroyModule.InventoryModuleTest" name="inventoryIndentOrderTest" time="84.568"/>
  <testcase classname="com.triotree.test.website.InventroyModule.InventoryModuleTest" name="InventoryGRNTestCase1" time="172.046"/>
  <testcase classname="com.triotree.test.website.InventroyModule.InventoryModuleTest" name="inventoryIntendIssue1Test" time="133.914"/>
  <testcase classname="com.triotree.test.website.InventroyModule.InventoryModuleTest" name="inventoryPurchaseReqiuistion1Test" time="115.965"/>
  <testcase classname="com.triotree.test.website.InventroyModule.InventoryModuleTest" name="inventoryAcknowledgereturnTest" time="77.311"/>
  <testcase classname="com.triotree.test.website.InventroyModule.InventoryModuleTest" name="inventoryDirectReceiptTest" time="162.501"/>
  <testcase classname="com.triotree.test.website.InventroyModule.InventoryModuleTest" name="inventoryDirectIssueTest" time="79.919"/>
</testsuite> <!-- com.triotree.test.website.InventroyModule.InventoryModuleTest -->
