<?xml version="1.0" encoding="UTF-8"?>
<!-- Generated by org.testng.reporters.JUnitReportReporter -->
<testsuite hostname="BMT-LAP-88" failures="0" tests="1" name="com.binmile.test.usermanagement.User_list" time="25.461" errors="0" timestamp="11 Aug 2021 12:48:00 GMT">
  <testcase classname="com.binmile.test.usermanagement.User_list" name="user_list" time="25.461"/>
</testsuite> <!-- com.binmile.test.usermanagement.User_list -->
