<?xml version="1.0" encoding="UTF-8"?>
<!-- Generated by org.testng.reporters.JUnitReportReporter -->
<testsuite hostname="BMT-LAP-88" failures="0" tests="1" name="com.binmile.test.product.Add_commission" time="22.779" errors="0" timestamp="12 Aug 2021 07:42:24 GMT">
  <testcase classname="com.binmile.test.product.Add_commission" name="add_commission" time="22.779"/>
</testsuite> <!-- com.binmile.test.product.Add_commission -->
