<?xml version="1.0" encoding="UTF-8"?>
<!-- Generated by org.testng.reporters.JUnitReportReporter -->
<testsuite hostname="DESKTOP-U1OL4JI" failures="0" tests="1" name="com.triotree.website.pages.NursingTest.NursingPatientBackInWardTest" time="78.396" errors="0" timestamp="15 Jan 2021 05:13:59 GMT">
  <testcase classname="com.triotree.website.pages.NursingTest.NursingPatientBackInWardTest" name="nursingActivitySurgeryRequestTest" time="78.396"/>
</testsuite> <!-- com.triotree.website.pages.NursingTest.NursingPatientBackInWardTest -->
