<?xml version="1.0" encoding="UTF-8"?>
<!-- Generated by org.testng.reporters.JUnitReportReporter -->
<testsuite hostname="DESKTOP-U1OL4JI" failures="0" tests="1" name="com.triotree.website.pages.GeneralItemsTest.MakeGRNReturnAgainstGRNTest" time="67.709" errors="0" timestamp="18 Feb 2021 04:17:12 GMT">
  <testcase classname="com.triotree.website.pages.GeneralItemsTest.MakeGRNReturnAgainstGRNTest" name="purchaseReturnDetailsTest" time="67.709"/>
</testsuite> <!-- com.triotree.website.pages.GeneralItemsTest.MakeGRNReturnAgainstGRNTest -->
