<?xml version="1.0" encoding="UTF-8"?>
<!-- Generated by org.testng.reporters.JUnitReportReporter -->
<testsuite hostname="DESKTOP-U1OL4JI" failures="0" tests="1" name="com.triotree.website.Billing.IPBillingDetailedBillForCompanyOnlyTest" time="203.443" errors="0" timestamp="5 Jun 2021 11:57:49 GMT">
  <testcase classname="com.triotree.website.Billing.IPBillingDetailedBillForCompanyOnlyTest" name="iPBillingDetailedBillForCompanyOnlyTest" time="203.443"/>
</testsuite> <!-- com.triotree.website.Billing.IPBillingDetailedBillForCompanyOnlyTest -->
