<?xml version="1.0" encoding="UTF-8"?>
<!-- Generated by org.testng.reporters.JUnitReportReporter -->
<testsuite hostname="DESKTOP-U1OL4JI" failures="0" tests="1" name="com.triotree.website.pages.PackageAndPlansTest.PlanLedgerSummaryTest" time="74.937" errors="0" timestamp="8 Feb 2021 07:43:50 GMT">
  <testcase classname="com.triotree.website.pages.PackageAndPlansTest.PlanLedgerSummaryTest" name="planLedgerSummaryTest" time="74.937"/>
</testsuite> <!-- com.triotree.website.pages.PackageAndPlansTest.PlanLedgerSummaryTest -->
