<?xml version="1.0" encoding="UTF-8"?>
<!-- Generated by org.testng.reporters.JUnitReportReporter -->
<testsuite hostname="DESKTOP-U1OL4JI" failures="0" tests="1" name="com.triotree.website.Physician.OutpatientAdmissionSurgeryRequest" time="70.071" errors="0" timestamp="7 Sep 2020 06:43:55 GMT">
  <testcase classname="com.triotree.website.Physician.OutpatientAdmissionSurgeryRequest" name="OutpatientAdmissionSurgeryRequestTest" time="70.071"/>
</testsuite> <!-- com.triotree.website.Physician.OutpatientAdmissionSurgeryRequest -->
