<?xml version="1.0" encoding="UTF-8"?>
<!-- Generated by org.testng.reporters.JUnitReportReporter -->
<testsuite hostname="DESKTOP-U1OL4JI" failures="0" tests="1" name="com.triotree.website.pages.NursingTest.NursingModuleDoctorNotesTest" time="613.452" errors="0" timestamp="27 Jan 2021 06:40:30 GMT">
  <testcase classname="com.triotree.website.pages.NursingTest.NursingModuleDoctorNotesTest" name="nursingModuleDoctorNotesTest" time="613.452"/>
</testsuite> <!-- com.triotree.website.pages.NursingTest.NursingModuleDoctorNotesTest -->
