<?xml version="1.0" encoding="UTF-8"?>
<!-- Generated by org.testng.reporters.JUnitReportReporter -->
<testsuite hostname="BMT-LAP-88" failures="0" tests="1" name="com.binmile.test.miscellaneous.Notification_list" time="8.325" errors="0" timestamp="17 Aug 2021 05:44:18 GMT">
  <testcase classname="com.binmile.test.miscellaneous.Notification_list" name="notification_list" time="8.325"/>
</testsuite> <!-- com.binmile.test.miscellaneous.Notification_list -->
