<?xml version="1.0" encoding="UTF-8"?>
<!-- Generated by org.testng.reporters.JUnitReportReporter -->
<testsuite hostname="DESKTOP-U1OL4JI" failures="0" tests="1" name="akashdemo.Testfirst" time="16.583" errors="0" timestamp="16 Apr 2021 11:03:14 GMT">
  <testcase classname="akashdemo.Testfirst" name="test" time="16.583"/>
</testsuite> <!-- akashdemo.Testfirst -->
