<?xml version="1.0" encoding="UTF-8"?>
<!-- Generated by org.testng.reporters.JUnitReportReporter -->
<testsuite hostname="BMT-LAP-88" failures="0" tests="1" name="com.binmile.test.plan_type.Add_plan_type" time="16.743" errors="0" timestamp="12 Aug 2021 05:16:21 GMT">
  <testcase classname="com.binmile.test.plan_type.Add_plan_type" name="add_plan_type" time="16.743"/>
</testsuite> <!-- com.binmile.test.plan_type.Add_plan_type -->
