<?xml version="1.0" encoding="UTF-8"?>
<!-- Generated by org.testng.reporters.JUnitReportReporter -->
<testsuite hostname="DESKTOP-U1OL4JI" failures="0" tests="1" name="com.triotree.website.Pharmacy.IPPendingRequisitionReportTest" time="107.182" errors="0" timestamp="21 Jan 2021 06:18:36 GMT">
  <testcase classname="com.triotree.website.Pharmacy.IPPendingRequisitionReportTest" name="IPPendingRequisitionMethod" time="107.182"/>
</testsuite> <!-- com.triotree.website.Pharmacy.IPPendingRequisitionReportTest -->
