<?xml version="1.0" encoding="UTF-8"?>
<!-- Generated by org.testng.reporters.JUnitReportReporter -->
<testsuite hostname="DESKTOP-U1OL4JI" failures="0" tests="1" name="com.triotree.website.pages.NursingTest.NursingIOChartTest" time="67.237" errors="0" timestamp="24 Dec 2020 04:52:49 GMT">
  <testcase classname="com.triotree.website.pages.NursingTest.NursingIOChartTest" name="nursingIOChartTest" time="67.237"/>
</testsuite> <!-- com.triotree.website.pages.NursingTest.NursingIOChartTest -->
