<?xml version="1.0" encoding="UTF-8"?>
<!-- Generated by org.testng.reporters.JUnitReportReporter -->
<testsuite hostname="DESKTOP-U1OL4JI" failures="0" tests="1" name="com.triotree.website.pages.NursingTest.DietRequestAlaCart" time="101.335" errors="0" timestamp="28 Dec 2020 11:55:13 GMT">
  <testcase classname="com.triotree.website.pages.NursingTest.DietRequestAlaCart" name="dietRequestAlaCart" time="101.335"/>
</testsuite> <!-- com.triotree.website.pages.NursingTest.DietRequestAlaCart -->
