<?xml version="1.0" encoding="UTF-8"?>
<!-- Generated by org.testng.reporters.JUnitReportReporter -->
<testsuite hostname="BMT-LAP-88" failures="0" tests="1" name="Google_test" time="16.998" errors="0" timestamp="13 Jul 2021 05:38:49 GMT">
  <testcase classname="Google_test" name="google_test" time="16.998"/>
</testsuite> <!-- Google_test -->
