<?xml version="1.0" encoding="UTF-8"?>
<!-- Generated by org.testng.reporters.JUnitReportReporter -->
<testsuite hostname="BMT-LAP-88" failures="0" tests="3" name="com.binmile.test.role.Add_edit_delete_role" time="41.869" errors="0" timestamp="12 Aug 2021 04:32:40 GMT">
  <testcase classname="com.binmile.test.role.Add_edit_delete_role" name="edit_role" time="16.133"/>
  <testcase classname="com.binmile.test.role.Add_edit_delete_role" name="add_role" time="11.222"/>
  <testcase classname="com.binmile.test.role.Add_edit_delete_role" name="deleteRoll" time="14.514"/>
</testsuite> <!-- com.binmile.test.role.Add_edit_delete_role -->
