<?xml version="1.0" encoding="UTF-8"?>
<!-- Generated by org.testng.reporters.JUnitReportReporter -->
<testsuite hostname="BMT-LAP-88" failures="0" tests="3" name="com.binmile.test.region.Add_edit_delete_region" time="31.048" errors="0" timestamp="12 Aug 2021 04:33:52 GMT">
  <testcase classname="com.binmile.test.region.Add_edit_delete_region" name="add_region" time="8.497"/>
  <testcase classname="com.binmile.test.region.Add_edit_delete_region" name="edit_region" time="12.717"/>
  <testcase classname="com.binmile.test.region.Add_edit_delete_region" name="delete_region" time="9.834"/>
</testsuite> <!-- com.binmile.test.region.Add_edit_delete_region -->
