<?xml version="1.0" encoding="UTF-8"?>
<!-- Generated by org.testng.reporters.JUnitReportReporter -->
<testsuite hostname="DESKTOP-U1OL4JI" failures="0" tests="1" name="com.triotree.website.Pharmacy.ItemWisePendingIPOrderReportTest" time="38.405" errors="0" timestamp="21 Jan 2021 06:18:36 GMT">
  <testcase classname="com.triotree.website.Pharmacy.ItemWisePendingIPOrderReportTest" name="itemWisePendingReportMethod" time="38.405"/>
</testsuite> <!-- com.triotree.website.Pharmacy.ItemWisePendingIPOrderReportTest -->
