<?xml version="1.0" encoding="UTF-8"?>
<!-- Generated by org.testng.reporters.JUnitReportReporter -->
<testsuite hostname="DESKTOP-U1OL4JI" failures="0" tests="1" name="com.triotree.website.Physician.PhysicianDentalTest" time="167.461" errors="0" timestamp="5 Jun 2021 04:35:58 GMT">
  <testcase classname="com.triotree.website.Physician.PhysicianDentalTest" name="physicianDentalTest" time="167.461"/>
</testsuite> <!-- com.triotree.website.Physician.PhysicianDentalTest -->
