<?xml version="1.0" encoding="UTF-8"?>
<!-- Generated by org.testng.reporters.JUnitReportReporter -->
<testsuite hostname="DESKTOP-U1OL4JI" failures="0" tests="1" name="com.triotree.website.Billing.CheckCreditCurrentInPatientAndAddRemarks" time="129.967" errors="0" timestamp="28 May 2021 05:26:30 GMT">
  <testcase classname="com.triotree.website.Billing.CheckCreditCurrentInPatientAndAddRemarks" name="checkCreditCurrentInPatientAndAddRemarks" time="129.967"/>
</testsuite> <!-- com.triotree.website.Billing.CheckCreditCurrentInPatientAndAddRemarks -->
