<?xml version="1.0" encoding="UTF-8"?>
<!-- Generated by org.testng.reporters.JUnitReportReporter -->
<testsuite hostname="DESKTOP-U1OL4JI" failures="0" tests="1" name="com.triotree.website.pages.GeneralItemsTest.POAgainstPurchaseRequestReportTest" time="43.083" errors="0" timestamp="17 Feb 2021 10:28:47 GMT">
  <testcase classname="com.triotree.website.pages.GeneralItemsTest.POAgainstPurchaseRequestReportTest" name="poAgainstPurchaseRequestReportTest" time="43.083"/>
</testsuite> <!-- com.triotree.website.pages.GeneralItemsTest.POAgainstPurchaseRequestReportTest -->
