<?xml version="1.0" encoding="UTF-8"?>
<!-- Generated by org.testng.reporters.JUnitReportReporter -->
<testsuite hostname="DESKTOP-U1OL4JI" failures="0" tests="1" name="com.triotree.website.Billing.Change_in_package_duration_and_bed_through_package_duration" time="129.460" errors="0" timestamp="5 Jun 2021 09:02:21 GMT">
  <testcase classname="com.triotree.website.Billing.Change_in_package_duration_and_bed_through_package_duration" name="Change_in_package_duration_and_bed_through_package_duration" time="129.460"/>
</testsuite> <!-- com.triotree.website.Billing.Change_in_package_duration_and_bed_through_package_duration -->
