<?xml version="1.0" encoding="UTF-8"?>
<!-- Generated by org.testng.reporters.JUnitReportReporter -->
<testsuite hostname="DESKTOP-U1OL4JI" failures="0" tests="1" name="com.triotree.website.Billing.SettleBillForIPPatientTest" time="1417.753" errors="0" timestamp="27 May 2021 09:45:01 GMT">
  <testcase classname="com.triotree.website.Billing.SettleBillForIPPatientTest" name="settleBillForIPPatientTest" time="1417.753"/>
</testsuite> <!-- com.triotree.website.Billing.SettleBillForIPPatientTest -->
