<?xml version="1.0" encoding="UTF-8"?>
<!-- Generated by org.testng.reporters.JUnitReportReporter -->
<testsuite hostname="DESKTOP-U1OL4JI" failures="0" tests="1" name="com.triotree.website.LabMedicineTest.AssignWorkplaceStationsTest" time="26.387" errors="0" timestamp="8 Mar 2021 05:26:30 GMT">
  <testcase classname="com.triotree.website.LabMedicineTest.AssignWorkplaceStationsTest" name="assignWorkplaceStationsTest" time="26.387"/>
</testsuite> <!-- com.triotree.website.LabMedicineTest.AssignWorkplaceStationsTest -->
