<?xml version="1.0" encoding="UTF-8"?>
<!-- Generated by org.testng.reporters.JUnitReportReporter -->
<testsuite hostname="DESKTOP-U1OL4JI" failures="0" tests="1" name="com.triotree.website.pages.NursingTest.NurshingDietStatusTest" time="38.810" errors="0" timestamp="18 Jan 2021 04:42:26 GMT">
  <testcase classname="com.triotree.website.pages.NursingTest.NurshingDietStatusTest" name="nurshingDietStatusTest" time="38.810"/>
</testsuite> <!-- com.triotree.website.pages.NursingTest.NurshingDietStatusTest -->
