<?xml version="1.0" encoding="UTF-8"?>
<!-- Generated by org.testng.reporters.JUnitReportReporter -->
<testsuite hostname="DESKTOP-U1OL4JI" failures="0" tests="1" name="com.triotree.website.pages.NursingTest.NurshingNotesInsertionMonitoringTest" time="630.092" errors="0" timestamp="6 Jan 2021 04:38:32 GMT">
  <testcase classname="com.triotree.website.pages.NursingTest.NurshingNotesInsertionMonitoringTest" name="nurshingNotesInsertionMonitoringTest" time="630.092"/>
</testsuite> <!-- com.triotree.website.pages.NursingTest.NurshingNotesInsertionMonitoringTest -->
