<?xml version="1.0" encoding="UTF-8"?>
<!-- Generated by org.testng.reporters.JUnitReportReporter -->
<testsuite hostname="BMT-LAP-88" failures="0" tests="1" name="com.binmile.test.usermanagement.Add_user" time="31.272" errors="0" timestamp="11 Aug 2021 08:53:26 GMT">
  <testcase classname="com.binmile.test.usermanagement.Add_user" name="add_user" time="31.272"/>
</testsuite> <!-- com.binmile.test.usermanagement.Add_user -->
