<?xml version="1.0" encoding="UTF-8"?>
<!-- Generated by org.testng.reporters.JUnitReportReporter -->
<testsuite hostname="DESKTOP-U1OL4JI" failures="0" tests="1" name="com.triotree.website.Physician.PhysicianHOPI" time="64.133" errors="0" timestamp="30 Apr 2021 12:05:45 GMT">
  <testcase classname="com.triotree.website.Physician.PhysicianHOPI" name="PhysicianHOPITest" time="64.133"/>
</testsuite> <!-- com.triotree.website.Physician.PhysicianHOPI -->
