<?xml version="1.0" encoding="UTF-8"?>
<!-- Generated by org.testng.reporters.JUnitReportReporter -->
<testsuite hostname="BMT-LAP-88" failures="0" tests="1" name="com.binmile.test.department.Edit_department" time="21.830" errors="0" timestamp="10 Aug 2021 13:22:29 GMT">
  <testcase classname="com.binmile.test.department.Edit_department" name="edit_department" time="21.830"/>
</testsuite> <!-- com.binmile.test.department.Edit_department -->
