<?xml version="1.0" encoding="UTF-8"?>
<!-- Generated by org.testng.reporters.JUnitReportReporter -->
<testsuite hostname="DESKTOP-U1OL4JI" failures="0" tests="1" name="com.triotree.website.pages.NursingTest.ReportsFractionalItemUsageReport" time="52.568" errors="0" timestamp="6 Jan 2021 09:28:19 GMT">
  <testcase classname="com.triotree.website.pages.NursingTest.ReportsFractionalItemUsageReport" name="reportsFractionalItemUsageReport" time="52.568"/>
</testsuite> <!-- com.triotree.website.pages.NursingTest.ReportsFractionalItemUsageReport -->
