<?xml version="1.0" encoding="UTF-8"?>
<!-- Generated by org.testng.reporters.JUnitReportReporter -->
<testsuite hostname="BMT-LAP-88" failures="0" tests="1" name="com.binmile.test.insurance_type.Insurance_type_list" time="20.677" errors="0" timestamp="12 Aug 2021 04:35:13 GMT">
  <testcase classname="com.binmile.test.insurance_type.Insurance_type_list" name="insurance_type_list" time="20.677"/>
</testsuite> <!-- com.binmile.test.insurance_type.Insurance_type_list -->
