<?xml version="1.0" encoding="UTF-8"?>
<!-- Generated by org.testng.reporters.JUnitReportReporter -->
<testsuite hostname="DESKTOP-U1OL4JI" failures="0" tests="1" name="com.triotree.website.pages.GeneralItemsTest.ItemMasterTest" time="111.421" errors="0" timestamp="19 Feb 2021 07:27:11 GMT">
  <testcase classname="com.triotree.website.pages.GeneralItemsTest.ItemMasterTest" name="itemMasterTest" time="111.421"/>
</testsuite> <!-- com.triotree.website.pages.GeneralItemsTest.ItemMasterTest -->
