<?xml version="1.0" encoding="UTF-8"?>
<!-- Generated by org.testng.reporters.JUnitReportReporter -->
<testsuite hostname="DESKTOP-U1OL4JI" failures="0" tests="1" name="com.triotree.test.website.RenamingFileAppender" time="0.016" errors="0" timestamp="14 Jul 2020 04:52:24 GMT">
  <testcase classname="com.triotree.test.website.RenamingFileAppender" name="renameLogfileName" time="0.016"/>
</testsuite> <!-- com.triotree.test.website.RenamingFileAppender -->
