<?xml version="1.0" encoding="UTF-8"?>
<!-- Generated by org.testng.reporters.JUnitReportReporter -->
<testsuite hostname="DESKTOP-U1OL4JI" failures="0" tests="1" name="com.triotree.website.Emergency.EROrderTest" time="582.712" errors="0" timestamp="23 Apr 2021 06:18:09 GMT">
  <testcase classname="com.triotree.website.Emergency.EROrderTest" name="eROrderTest" time="582.712"/>
</testsuite> <!-- com.triotree.website.Emergency.EROrderTest -->
