<?xml version="1.0" encoding="UTF-8"?>
<!-- Generated by org.testng.reporters.JUnitReportReporter -->
<testsuite hostname="DESKTOP-U1OL4JI" failures="0" tests="1" name="com.triotree.website.Pharmacy.PharmacyBillCreationByEnteringUHID" time="33.222" errors="0" timestamp="22 Mar 2021 11:08:55 GMT">
  <testcase classname="com.triotree.website.Pharmacy.PharmacyBillCreationByEnteringUHID" name="pharmacyBillCreationByEnteringUHID" time="33.222"/>
</testsuite> <!-- com.triotree.website.Pharmacy.PharmacyBillCreationByEnteringUHID -->
