<?xml version="1.0" encoding="UTF-8"?>
<!-- Generated by org.testng.reporters.JUnitReportReporter -->
<testsuite hostname="DESKTOP-U1OL4JI" failures="0" tests="1" name="com.triotree.website.LabMedicineTest.LabReportGenerationInLabWorkplaceByVerifyingMultipleReportsTest" time="49.323" errors="0" timestamp="8 Mar 2021 10:11:08 GMT">
  <testcase classname="com.triotree.website.LabMedicineTest.LabReportGenerationInLabWorkplaceByVerifyingMultipleReportsTest" name="labReportGenerationInLabWorkplaceByVerifyingMultipleReportsTest" time="49.323"/>
</testsuite> <!-- com.triotree.website.LabMedicineTest.LabReportGenerationInLabWorkplaceByVerifyingMultipleReportsTest -->
