<?xml version="1.0" encoding="UTF-8"?>
<!-- Generated by org.testng.reporters.JUnitReportReporter -->
<testsuite hostname="DESKTOP-U1OL4JI" failures="0" tests="1" name="com.triotree.website.OT.ORMasterTest" time="80.969" errors="0" timestamp="4 Jun 2021 07:20:23 GMT">
  <testcase classname="com.triotree.website.OT.ORMasterTest" name="oRMasterTest" time="80.969"/>
</testsuite> <!-- com.triotree.website.OT.ORMasterTest -->
