<?xml version="1.0" encoding="UTF-8"?>
<!-- Generated by org.testng.reporters.JUnitReportReporter -->
<testsuite hostname="BMT-LAP-88" failures="0" tests="1" name="miscellaneous.Commission_Management_list" time="7.783" errors="0" timestamp="12 Aug 2021 10:42:27 GMT">
  <testcase classname="miscellaneous.Commission_Management_list" name="commission_management_list" time="7.783"/>
</testsuite> <!-- miscellaneous.Commission_Management_list -->
