<?xml version="1.0" encoding="UTF-8"?>
<!-- Generated by org.testng.reporters.JUnitReportReporter -->
<testsuite hostname="DESKTOP-U1OL4JI" failures="0" tests="1" name="com.triotree.test.website.InventroyModule.ConsigneeItemMasterTest" time="465.048" errors="0" timestamp="7 May 2021 12:39:36 GMT">
  <testcase classname="com.triotree.test.website.InventroyModule.ConsigneeItemMasterTest" name="consigneeItemMasterTest" time="465.048"/>
</testsuite> <!-- com.triotree.test.website.InventroyModule.ConsigneeItemMasterTest -->
