<?xml version="1.0" encoding="UTF-8"?>
<!-- Generated by org.testng.reporters.JUnitReportReporter -->
<testsuite hostname="DESKTOP-U1OL4JI" failures="0" tests="1" name="com.triotree.website.pages.NursingTest.NursingEMRViewTest" time="692.354" errors="0" timestamp="27 Jan 2021 07:24:46 GMT">
  <testcase classname="com.triotree.website.pages.NursingTest.NursingEMRViewTest" name="nursingEMRViewTest" time="692.354"/>
</testsuite> <!-- com.triotree.website.pages.NursingTest.NursingEMRViewTest -->
