<?xml version="1.0" encoding="UTF-8"?>
<!-- Generated by org.testng.reporters.JUnitReportReporter -->
<testsuite hostname="DESKTOP-U1OL4JI" failures="0" tests="1" name="com.triotree.website.Physician.PhysicianChiefComplaints" time="140.179" errors="0" timestamp="30 Apr 2021 03:25:12 GMT">
  <testcase classname="com.triotree.website.Physician.PhysicianChiefComplaints" name="PhysicianChiefComplaintsTest" time="140.179"/>
</testsuite> <!-- com.triotree.website.Physician.PhysicianChiefComplaints -->
