<?xml version="1.0" encoding="UTF-8"?>
<!-- Generated by org.testng.reporters.JUnitReportReporter -->
<testsuite hostname="DESKTOP-U1OL4JI" failures="0" tests="1" name="com.triotree.website.Billing.PatientStayTrackingTest" time="83.840" errors="0" timestamp="28 May 2021 05:26:29 GMT">
  <testcase classname="com.triotree.website.Billing.PatientStayTrackingTest" name="patientStayTrackingTest" time="83.840"/>
</testsuite> <!-- com.triotree.website.Billing.PatientStayTrackingTest -->
