<?xml version="1.0" encoding="UTF-8"?>
<!-- Generated by org.testng.reporters.JUnitReportReporter -->
<testsuite hostname="DESKTOP-U1OL4JI" failures="0" tests="1" name="com.triotree.website.pages.SampleCollectionTest.HomeVisitSampleCollectionReportTest" time="37.190" errors="0" timestamp="25 Jan 2021 09:18:32 GMT">
  <testcase classname="com.triotree.website.pages.SampleCollectionTest.HomeVisitSampleCollectionReportTest" name="homeVisitSampleCollectionReportTest" time="37.190"/>
</testsuite> <!-- com.triotree.website.pages.SampleCollectionTest.HomeVisitSampleCollectionReportTest -->
