<?xml version="1.0" encoding="UTF-8"?>
<!-- Generated by org.testng.reporters.JUnitReportReporter -->
<testsuite hostname="BMT-LAP-88" failures="0" tests="1" name="com.binmile.test.department.Delete_department" time="21.513" errors="0" timestamp="10 Aug 2021 13:22:29 GMT">
  <testcase classname="com.binmile.test.department.Delete_department" name="delete_department" time="21.513"/>
</testsuite> <!-- com.binmile.test.department.Delete_department -->
