<?xml version="1.0" encoding="UTF-8"?>
<!-- Generated by org.testng.reporters.JUnitReportReporter -->
<testsuite hostname="DESKTOP-U1OL4JI" failures="0" tests="1" name="com.triotree.website.Physician.PhysicainAdvice" time="182.709" errors="0" timestamp="30 Apr 2021 11:31:33 GMT">
  <testcase classname="com.triotree.website.Physician.PhysicainAdvice" name="PhysicainAdviceTest" time="182.709"/>
</testsuite> <!-- com.triotree.website.Physician.PhysicainAdvice -->
