<?xml version="1.0" encoding="UTF-8"?>
<!-- Generated by org.testng.reporters.JUnitReportReporter -->
<testsuite hostname="DESKTOP-U1OL4JI" failures="0" tests="1" name="com.triotree.website.pages.NursingTest.NursingActivityIPViewEMRTest" time="693.141" errors="0" timestamp="4 Jan 2021 13:14:12 GMT">
  <testcase classname="com.triotree.website.pages.NursingTest.NursingActivityIPViewEMRTest" name="nursingActivityIPViewEMRTest" time="693.141"/>
</testsuite> <!-- com.triotree.website.pages.NursingTest.NursingActivityIPViewEMRTest -->
