<?xml version="1.0" encoding="UTF-8"?>
<!-- Generated by org.testng.reporters.JUnitReportReporter -->
<testsuite hostname="DESKTOP-U1OL4JI" failures="0" tests="1" name="com.triotree.website.pages.DischargeSummaryTest.DischargeSummaryTest" time="44.127" errors="0" timestamp="3 Feb 2021 09:54:36 GMT">
  <testcase classname="com.triotree.website.pages.DischargeSummaryTest.DischargeSummaryTest" name="dischargeSummaryTest" time="44.127"/>
</testsuite> <!-- com.triotree.website.pages.DischargeSummaryTest.DischargeSummaryTest -->
