<?xml version="1.0" encoding="UTF-8"?>
<!-- Generated by org.testng.reporters.JUnitReportReporter -->
<testsuite hostname="DESKTOP-U1OL4JI" failures="0" tests="1" name="com.triotree.website.Physician.MasterCopyVisitTest" time="62.515" errors="0" timestamp="29 Apr 2021 10:12:55 GMT">
  <testcase classname="com.triotree.website.Physician.MasterCopyVisitTest" name="masterCopyVisitTest" time="62.515"/>
</testsuite> <!-- com.triotree.website.Physician.MasterCopyVisitTest -->
