<?xml version="1.0" encoding="UTF-8"?>
<!-- Generated by org.testng.reporters.JUnitReportReporter -->
<testsuite hostname="DESKTOP-U1OL4JI" failures="0" tests="1" name="com.triotree.website.Physician.InpatientDischargeNotificationTest" time="171.923" errors="0" timestamp="5 Jun 2021 06:42:18 GMT">
  <testcase classname="com.triotree.website.Physician.InpatientDischargeNotificationTest" name="inpatientDischargeNotificationTest" time="171.923"/>
</testsuite> <!-- com.triotree.website.Physician.InpatientDischargeNotificationTest -->
