<?xml version="1.0" encoding="UTF-8"?>
<!-- Generated by org.testng.reporters.JUnitReportReporter -->
<testsuite hostname="DESKTOP-U1OL4JI" failures="0" tests="1" name="com.triotree.website.Billing.ChangeBillableBedFromTransferTrackingAndBillableBedForSurgery" time="145.131" errors="0" timestamp="5 Jun 2021 10:54:13 GMT">
  <testcase classname="com.triotree.website.Billing.ChangeBillableBedFromTransferTrackingAndBillableBedForSurgery" name="changeBillableBedFromTransferTrackingAndBillableBedForSurgery" time="145.131"/>
</testsuite> <!-- com.triotree.website.Billing.ChangeBillableBedFromTransferTrackingAndBillableBedForSurgery -->
