<?xml version="1.0" encoding="UTF-8"?>
<!-- Generated by org.testng.reporters.JUnitReportReporter -->
<testsuite hostname="DESKTOP-U1OL4JI" failures="0" tests="1" name="com.triotree.website.Physician.RouteMasterTest" time="222.612" errors="0" timestamp="5 Jun 2021 08:07:20 GMT">
  <testcase classname="com.triotree.website.Physician.RouteMasterTest" name="routeMasterTest" time="222.612"/>
</testsuite> <!-- com.triotree.website.Physician.RouteMasterTest -->
