<?xml version="1.0" encoding="UTF-8"?>
<!-- Generated by org.testng.reporters.JUnitReportReporter -->
<testsuite hostname="DESKTOP-U1OL4JI" failures="0" tests="1" name="com.triotree.website.LabMedicineTest.LabReportGenerationInLabWorkplaceByEnteringtheSampleNumber" time="99.629" errors="0" timestamp="8 Mar 2021 10:36:06 GMT">
  <testcase classname="com.triotree.website.LabMedicineTest.LabReportGenerationInLabWorkplaceByEnteringtheSampleNumber" name="labReportGenerationInLabWorkplaceByEnteringtheSampleNumber" time="99.629"/>
</testsuite> <!-- com.triotree.website.LabMedicineTest.LabReportGenerationInLabWorkplaceByEnteringtheSampleNumber -->
