<?xml version="1.0" encoding="UTF-8"?>
<!-- Generated by org.testng.reporters.JUnitReportReporter -->
<testsuite hostname="DESKTOP-U1OL4JI" failures="0" tests="1" name="com.triotree.website.pages.DischargeSummaryTest.DischargeSummaryCumulativeReportsTakenSeparetlyTest" time="48.330" errors="0" timestamp="8 Feb 2021 12:34:41 GMT">
  <testcase classname="com.triotree.website.pages.DischargeSummaryTest.DischargeSummaryCumulativeReportsTakenSeparetlyTest" name="dischargeSummaryCumulativeReportsTest" time="48.330"/>
</testsuite> <!-- com.triotree.website.pages.DischargeSummaryTest.DischargeSummaryCumulativeReportsTakenSeparetlyTest -->
