<?xml version="1.0" encoding="UTF-8"?>
<!-- Generated by org.testng.reporters.JUnitReportReporter -->
<testsuite hostname="BMT-LAP-88" failures="0" tests="1" name="com.binmile.test.miscellaneous.Edit_notification" time="12.490" errors="0" timestamp="16 Aug 2021 06:57:25 GMT">
  <testcase classname="com.binmile.test.miscellaneous.Edit_notification" name="edit_notification" time="12.490"/>
</testsuite> <!-- com.binmile.test.miscellaneous.Edit_notification -->
