<?xml version="1.0" encoding="UTF-8"?>
<!-- Generated by org.testng.reporters.JUnitReportReporter -->
<testsuite hostname="DESKTOP-U1OL4JI" failures="0" tests="1" name="com.triotree.website.Billing.UnBilledUnsettledBillReportTest" time="252.329" errors="0" timestamp="27 May 2021 08:28:45 GMT">
  <testcase classname="com.triotree.website.Billing.UnBilledUnsettledBillReportTest" name="unBilledUnsettledBillReportTest" time="252.329"/>
</testsuite> <!-- com.triotree.website.Billing.UnBilledUnsettledBillReportTest -->
