<?xml version="1.0" encoding="UTF-8"?>
<!-- Generated by org.testng.reporters.JUnitReportReporter -->
<testsuite hostname="DESKTOP-U1OL4JI" failures="0" tests="1" name="com.triotree.website.pages.NursingTest.LongStayPatientTest" time="48.955" errors="0" timestamp="15 Jan 2021 09:07:19 GMT">
  <testcase classname="com.triotree.website.pages.NursingTest.LongStayPatientTest" name="longStayPatientTest" time="48.955"/>
</testsuite> <!-- com.triotree.website.pages.NursingTest.LongStayPatientTest -->
