<?xml version="1.0" encoding="UTF-8"?>
<!-- Generated by org.testng.reporters.JUnitReportReporter -->
<testsuite hostname="DESKTOP-U1OL4JI" failures="0" tests="1" name="com.triotree.website.Physician.VaccinationMaster" time="335.953" errors="0" timestamp="30 Apr 2021 07:48:20 GMT">
  <testcase classname="com.triotree.website.Physician.VaccinationMaster" name="VaccinationMastersTest" time="335.953"/>
</testsuite> <!-- com.triotree.website.Physician.VaccinationMaster -->
