<?xml version="1.0" encoding="UTF-8"?>
<!-- Generated by org.testng.reporters.JUnitReportReporter -->
<testsuite hostname="DESKTOP-U1OL4JI" failures="0" tests="1" name="com.triotree.website.Physician.InpatientRMOProgressHandoverNotesTest" time="218.256" errors="0" timestamp="7 Jun 2021 10:00:42 GMT">
  <testcase classname="com.triotree.website.Physician.InpatientRMOProgressHandoverNotesTest" name="inpatientRMOProgressHandoverNotesTest" time="218.256"/>
</testsuite> <!-- com.triotree.website.Physician.InpatientRMOProgressHandoverNotesTest -->
