<?xml version="1.0" encoding="UTF-8"?>
<!-- Generated by org.testng.reporters.JUnitReportReporter -->
<testsuite hostname="DESKTOP-U1OL4JI" failures="0" tests="1" name="com.triotree.website.pages.DiagnosticsTest.DiagnosticCriticalReportTest" time="260.370" errors="0" timestamp="19 Mar 2021 06:54:58 GMT">
  <testcase classname="com.triotree.website.pages.DiagnosticsTest.DiagnosticCriticalReportTest" name="diagnosticCriticalReportTest" time="260.370"/>
</testsuite> <!-- com.triotree.website.pages.DiagnosticsTest.DiagnosticCriticalReportTest -->
