<?xml version="1.0" encoding="UTF-8"?>
<!-- Generated by org.testng.reporters.JUnitReportReporter -->
<testsuite hostname="BMT-LAP-88" failures="0" tests="3" name="com.binmile.test.insurance_type.Add_insurance_type" time="38.103" errors="0" timestamp="12 Aug 2021 07:13:09 GMT">
  <testcase classname="com.binmile.test.insurance_type.Add_insurance_type" name="add_insurance_type" time="9.658"/>
  <testcase classname="com.binmile.test.insurance_type.Add_insurance_type" name="edit_insurance" time="14.231"/>
  <testcase classname="com.binmile.test.insurance_type.Add_insurance_type" name="delete_insurance" time="14.214"/>
</testsuite> <!-- com.binmile.test.insurance_type.Add_insurance_type -->
