<?xml version="1.0" encoding="UTF-8"?>
<!-- Generated by org.testng.reporters.JUnitReportReporter -->
<testsuite hostname="DESKTOP-U1OL4JI" failures="0" tests="1" name="com.triotree.website.pages.NursingTest.MyPatientListTest" time="108.866" errors="0" timestamp="18 Jan 2021 07:30:29 GMT">
  <testcase classname="com.triotree.website.pages.NursingTest.MyPatientListTest" name="nursingActivityIPViewEMRTest" time="108.866"/>
</testsuite> <!-- com.triotree.website.pages.NursingTest.MyPatientListTest -->
