<?xml version="1.0" encoding="UTF-8"?>
<!-- Generated by org.testng.reporters.JUnitReportReporter -->
<testsuite hostname="DESKTOP-U1OL4JI" failures="0" tests="1" name="com.triotree.website.pages.GeneralItemsTest.IndentReceiptTest" time="73.106" errors="0" timestamp="18 Feb 2021 10:54:00 GMT">
  <testcase classname="com.triotree.website.pages.GeneralItemsTest.IndentReceiptTest" name="indentReceiptTest" time="73.106"/>
</testsuite> <!-- com.triotree.website.pages.GeneralItemsTest.IndentReceiptTest -->
