<?xml version="1.0" encoding="UTF-8"?>
<!-- Generated by org.testng.reporters.JUnitReportReporter -->
<testsuite hostname="DESKTOP-U1OL4JI" failures="0" tests="1" name="com.triotree.website.pages.NursingTest.NursingOrderEndorsementToolTest" time="180.614" errors="0" timestamp="12 Jan 2021 08:44:16 GMT">
  <testcase classname="com.triotree.website.pages.NursingTest.NursingOrderEndorsementToolTest" name="nursingOrderEndorsementToolTest" time="180.614"/>
</testsuite> <!-- com.triotree.website.pages.NursingTest.NursingOrderEndorsementToolTest -->
