<?xml version="1.0" encoding="UTF-8"?>
<!-- Generated by org.testng.reporters.JUnitReportReporter -->
<testsuite hostname="DESKTOP-U1OL4JI" failures="0" tests="1" name="com.triotree.website.Pharmacy.OPSaleReturnTest" time="165.803" errors="0" timestamp="21 Jan 2021 08:46:16 GMT">
  <testcase classname="com.triotree.website.Pharmacy.OPSaleReturnTest" name="saleReturnWithoutRef" time="165.803"/>
</testsuite> <!-- com.triotree.website.Pharmacy.OPSaleReturnTest -->
