<?xml version="1.0" encoding="UTF-8"?>
<!-- Generated by org.testng.reporters.JUnitReportReporter -->
<testsuite hostname="DESKTOP-U1OL4JI" failures="0" tests="1" name="com.triotree.website.pages.DiagnosticsTest.DiagnosticTATReport" time="2365.977" errors="0" timestamp="19 Mar 2021 06:30:41 GMT">
  <testcase classname="com.triotree.website.pages.DiagnosticsTest.DiagnosticTATReport" name="diagnosticTATReport" time="2365.977"/>
</testsuite> <!-- com.triotree.website.pages.DiagnosticsTest.DiagnosticTATReport -->
