<?xml version="1.0" encoding="UTF-8"?>
<!-- Generated by org.testng.reporters.JUnitReportReporter -->
<testsuite hostname="BMT-LAP-88" failures="0" tests="1" name="insurance_type.Edit_insurance_type" time="12.658" errors="0" timestamp="26 Jul 2021 07:48:37 GMT">
  <testcase classname="insurance_type.Edit_insurance_type" name="edit_insurance" time="12.658"/>
</testsuite> <!-- insurance_type.Edit_insurance_type -->
