<?xml version="1.0" encoding="UTF-8"?>
<!-- Generated by org.testng.reporters.JUnitReportReporter -->
<testsuite hostname="DESKTOP-U1OL4JI" failures="0" tests="1" name="com.triotree.website.LabMedicineTest.LabWorkPlaceForSampleRejectionTest" time="56.350" errors="0" timestamp="3 Mar 2021 06:12:05 GMT">
  <testcase classname="com.triotree.website.LabMedicineTest.LabWorkPlaceForSampleRejectionTest" name="labWorkPlaceForSampleRejectionTest" time="56.350"/>
</testsuite> <!-- com.triotree.website.LabMedicineTest.LabWorkPlaceForSampleRejectionTest -->
