<?xml version="1.0" encoding="UTF-8"?>
<!-- Generated by org.testng.reporters.JUnitReportReporter -->
<testsuite hostname="BMT-LAP-88" failures="0" tests="3" name="com.binmile.test.branch.Add_Branch" time="30.608" errors="0" timestamp="11 Aug 2021 05:25:41 GMT">
  <testcase classname="com.binmile.test.branch.Add_Branch" name="edit_branch" time="13.162"/>
  <testcase classname="com.binmile.test.branch.Add_Branch" name="delete_branch" time="7.726"/>
  <testcase classname="com.binmile.test.branch.Add_Branch" name="add_branch" time="9.720"/>
</testsuite> <!-- com.binmile.test.branch.Add_Branch -->
