<?xml version="1.0" encoding="UTF-8"?>
<!-- Generated by org.testng.reporters.JUnitReportReporter -->
<testsuite hostname="DESKTOP-U1OL4JI" failures="0" tests="1" name="com.triotree.website.LabMedicineTest.TATReportTest" time="63.035" errors="0" timestamp="2 Mar 2021 10:36:22 GMT">
  <testcase classname="com.triotree.website.LabMedicineTest.TATReportTest" name="tATReportTest" time="63.035"/>
</testsuite> <!-- com.triotree.website.LabMedicineTest.TATReportTest -->
