<?xml version="1.0" encoding="UTF-8"?>
<!-- Generated by org.testng.reporters.JUnitReportReporter -->
<testsuite hostname="DESKTOP-U1OL4JI" failures="0" tests="1" name="com.triotree.test.website.ADT.UpdateAdmisssionDateTest" time="80.430" errors="0" timestamp="2 Jun 2021 13:16:58 GMT">
  <testcase classname="com.triotree.test.website.ADT.UpdateAdmisssionDateTest" name="updateadmissiondatetestcase" time="80.430"/>
</testsuite> <!-- com.triotree.test.website.ADT.UpdateAdmisssionDateTest -->
