<?xml version="1.0" encoding="UTF-8"?>
<!-- Generated by org.testng.reporters.JUnitReportReporter -->
<testsuite hostname="DESKTOP-U1OL4JI" failures="0" tests="1" name="com.triotree.website.TransfusionMedicineTest.TransfusionTATReportTest" time="54.121" errors="0" timestamp="16 Mar 2021 12:33:34 GMT">
  <testcase classname="com.triotree.website.TransfusionMedicineTest.TransfusionTATReportTest" name="transfusionTATReportTest" time="54.121"/>
</testsuite> <!-- com.triotree.website.TransfusionMedicineTest.TransfusionTATReportTest -->
