<?xml version="1.0" encoding="UTF-8"?>
<!-- Generated by org.testng.reporters.JUnitReportReporter -->
<testsuite hostname="DESKTOP-U1OL4JI" failures="0" tests="1" name="com.triotree.website.Billing.EstimationComparisonReportTest" time="201.735" errors="0" timestamp="5 Jun 2021 11:37:50 GMT">
  <testcase classname="com.triotree.website.Billing.EstimationComparisonReportTest" name="estimationComparisonReportTest" time="201.735"/>
</testsuite> <!-- com.triotree.website.Billing.EstimationComparisonReportTest -->
