<?xml version="1.0" encoding="UTF-8"?>
<!-- Generated by org.testng.reporters.JUnitReportReporter -->
<testsuite hostname="DESKTOP-U1OL4JI" failures="0" tests="1" name="com.triotree.website.pages.NursingTest.NursingGeneralOrderEntryTest" time="142.914" errors="0" timestamp="6 Jan 2021 07:23:26 GMT">
  <testcase classname="com.triotree.website.pages.NursingTest.NursingGeneralOrderEntryTest" name="nursingGeneralOrderEntryTest" time="142.914"/>
</testsuite> <!-- com.triotree.website.pages.NursingTest.NursingGeneralOrderEntryTest -->
