<?xml version="1.0" encoding="UTF-8"?>
<!-- Generated by org.testng.reporters.JUnitReportReporter -->
<testsuite hostname="DESKTOP-U1OL4JI" failures="0" tests="1" name="com.triotree.website.Pharmacy.PharmacyBillIPIssueByClickingNewAddOnPendingOrders" time="126.418" errors="0" timestamp="21 Jan 2021 07:24:11 GMT">
  <testcase classname="com.triotree.website.Pharmacy.PharmacyBillIPIssueByClickingNewAddOnPendingOrders" name="pharmacyBillIPIssueByClickingNewAddOnPendingOrders" time="126.418"/>
</testsuite> <!-- com.triotree.website.Pharmacy.PharmacyBillIPIssueByClickingNewAddOnPendingOrders -->
