<?xml version="1.0" encoding="UTF-8"?>
<!-- Generated by org.testng.reporters.JUnitReportReporter -->
<testsuite hostname="BMT-LAP-88" failures="0" tests="1" name="com.binmile.test.miscellaneous.Announcement_list" time="9.515" errors="0" timestamp="13 Aug 2021 11:22:20 GMT">
  <testcase classname="com.binmile.test.miscellaneous.Announcement_list" name="announcement_list" time="9.515"/>
</testsuite> <!-- com.binmile.test.miscellaneous.Announcement_list -->
