<?xml version="1.0" encoding="UTF-8"?>
<!-- Generated by org.testng.reporters.JUnitReportReporter -->
<testsuite hostname="DESKTOP-U1OL4JI" failures="0" tests="1" name="com.triotree.website.pages.GeneralItemsTest.IndentPRPOClosureReportTest" time="48.282" errors="0" timestamp="11 Feb 2021 12:11:32 GMT">
  <testcase classname="com.triotree.website.pages.GeneralItemsTest.IndentPRPOClosureReportTest" name="indentPRPOClosureReportTest" time="48.282"/>
</testsuite> <!-- com.triotree.website.pages.GeneralItemsTest.IndentPRPOClosureReportTest -->
