<?xml version="1.0" encoding="UTF-8"?>
<!-- Generated by org.testng.reporters.JUnitReportReporter -->
<testsuite hostname="BMT-LAP-88" failures="0" tests="1" name="com.binmile.test.training_management.Add_topic" time="36.587" errors="0" timestamp="11 Aug 2021 12:47:58 GMT">
  <testcase classname="com.binmile.test.training_management.Add_topic" name="add_topic" time="36.587"/>
</testsuite> <!-- com.binmile.test.training_management.Add_topic -->
