<?xml version="1.0" encoding="UTF-8"?>
<!-- Generated by org.testng.reporters.JUnitReportReporter -->
<testsuite hostname="BMT-LAP-88" failures="0" tests="1" name="insurance_type.Add_insurance_type" time="13.530" errors="0" timestamp="26 Jul 2021 07:28:50 GMT">
  <testcase classname="insurance_type.Add_insurance_type" name="add_insurance_type" time="13.530"/>
</testsuite> <!-- insurance_type.Add_insurance_type -->
