<?xml version="1.0" encoding="UTF-8"?>
<!-- Generated by org.testng.reporters.JUnitReportReporter -->
<testsuite hostname="DESKTOP-U1OL4JI" failures="0" tests="1" name="com.triotree.website.pages.NursingTest.NursingActivityTest" time="74.997" errors="0" timestamp="28 Dec 2020 09:23:49 GMT">
  <testcase classname="com.triotree.website.pages.NursingTest.NursingActivityTest" name="nursingActivityTest" time="74.997"/>
</testsuite> <!-- com.triotree.website.pages.NursingTest.NursingActivityTest -->
