<?xml version="1.0" encoding="UTF-8"?>
<!-- Generated by org.testng.reporters.JUnitReportReporter -->
<testsuite hostname="DESKTOP-U1OL4JI" failures="0" tests="1" name="com.triotree.website.Physician.DoctorWorklistAppointment" time="92.871" errors="0" timestamp="29 Apr 2021 07:55:36 GMT">
  <testcase classname="com.triotree.website.Physician.DoctorWorklistAppointment" name="DoctorWorklistAppointmentTest" time="92.871"/>
</testsuite> <!-- com.triotree.website.Physician.DoctorWorklistAppointment -->
