<?xml version="1.0" encoding="UTF-8"?>
<!-- Generated by org.testng.reporters.JUnitReportReporter -->
<testsuite hostname="DESKTOP-U1OL4JI" failures="0" tests="1" name="com.triotree.website.Billing.ModifyPriceManuallyThroughManualPriceModification" time="121.755" errors="0" timestamp="5 Jun 2021 13:10:14 GMT">
  <testcase classname="com.triotree.website.Billing.ModifyPriceManuallyThroughManualPriceModification" name="modifyPriceManuallyThroughManualPriceModification" time="121.755"/>
</testsuite> <!-- com.triotree.website.Billing.ModifyPriceManuallyThroughManualPriceModification -->
