<?xml version="1.0" encoding="UTF-8"?>
<!-- Generated by org.testng.reporters.JUnitReportReporter -->
<testsuite hostname="DESKTOP-U1OL4JI" failures="0" tests="1" name="com.triotree.website.LabMedicineTest.LabResultEntryScreenLabReportDeletionTest" time="68.590" errors="0" timestamp="9 Mar 2021 12:22:18 GMT">
  <testcase classname="com.triotree.website.LabMedicineTest.LabResultEntryScreenLabReportDeletionTest" name="labResultEntryScreenLabReportDeletionTest" time="68.590"/>
</testsuite> <!-- com.triotree.website.LabMedicineTest.LabResultEntryScreenLabReportDeletionTest -->
