<?xml version="1.0" encoding="UTF-8"?>
<!-- Generated by org.testng.reporters.JUnitReportReporter -->
<testsuite hostname="DESKTOP-U1OL4JI" failures="0" tests="1" name="com.triotree.website.pages.NursingTest.NursingActivityTransferRequestTest" time="70.711" errors="0" timestamp="11 Jan 2021 11:03:53 GMT">
  <testcase classname="com.triotree.website.pages.NursingTest.NursingActivityTransferRequestTest" name="nursingActivityTransferRequestTest" time="70.711"/>
</testsuite> <!-- com.triotree.website.pages.NursingTest.NursingActivityTransferRequestTest -->
