<?xml version="1.0" encoding="UTF-8"?>
<!-- Generated by org.testng.reporters.JUnitReportReporter -->
<testsuite hostname="DESKTOP-U1OL4JI" failures="0" tests="1" name="com.triotree.website.pages.GeneralItemsTest.IndentOrderTest" time="39.189" errors="0" timestamp="15 Feb 2021 06:18:47 GMT">
  <testcase classname="com.triotree.website.pages.GeneralItemsTest.IndentOrderTest" name="indentOrderTest" time="39.189"/>
</testsuite> <!-- com.triotree.website.pages.GeneralItemsTest.IndentOrderTest -->
