<?xml version="1.0" encoding="UTF-8"?>
<!-- Generated by org.testng.reporters.JUnitReportReporter -->
<testsuite hostname="DESKTOP-U1OL4JI" failures="0" tests="1" name="com.triotree.website.pages.GeneralItemsTest.DirectIssueTest" time="87.544" errors="0" timestamp="11 Feb 2021 12:11:31 GMT">
  <testcase classname="com.triotree.website.pages.GeneralItemsTest.DirectIssueTest" name="directIssueTest" time="87.544"/>
</testsuite> <!-- com.triotree.website.pages.GeneralItemsTest.DirectIssueTest -->
