<?xml version="1.0" encoding="UTF-8"?>
<!-- Generated by org.testng.reporters.JUnitReportReporter -->
<testsuite hostname="DESKTOP-U1OL4JI" failures="0" tests="1" name="com.triotree.website.pages.SampleCollectionTest.SampleCollectionofInpatientForPeriod" time="171.256" errors="0" timestamp="19 Mar 2021 10:24:55 GMT">
  <testcase classname="com.triotree.website.pages.SampleCollectionTest.SampleCollectionofInpatientForPeriod" name="sampleCollectionofInpatientForPeriod" time="171.256"/>
</testsuite> <!-- com.triotree.website.pages.SampleCollectionTest.SampleCollectionofInpatientForPeriod -->
