<?xml version="1.0" encoding="UTF-8"?>
<!-- Generated by org.testng.reporters.JUnitReportReporter -->
<testsuite hostname="BMT-LAP-88" failures="0" tests="1" name="com.binmile.test.Designation.Delete_Designation" time="14.457" errors="0" timestamp="10 Aug 2021 13:22:31 GMT">
  <testcase classname="com.binmile.test.Designation.Delete_Designation" name="delete_designation" time="14.457"/>
</testsuite> <!-- com.binmile.test.Designation.Delete_Designation -->
