<?xml version="1.0" encoding="UTF-8"?>
<!-- Generated by org.testng.reporters.JUnitReportReporter -->
<testsuite hostname="DESKTOP-U1OL4JI" failures="0" tests="2" name="com.triotree.website.Pharmacy.DischargeNotificationTest" time="321.460" errors="0" timestamp="21 Jan 2021 06:18:36 GMT">
  <testcase classname="com.triotree.website.Pharmacy.DischargeNotificationTest" name="dischargeNotificationForExpectedDateOfDischargeTest" time="80.492"/>
  <testcase classname="com.triotree.website.Pharmacy.DischargeNotificationTest" name="dischargeNotificationTest" time="240.968"/>
</testsuite> <!-- com.triotree.website.Pharmacy.DischargeNotificationTest -->
