<?xml version="1.0" encoding="UTF-8"?>
<!-- Generated by org.testng.reporters.JUnitReportReporter -->
<testsuite hostname="DESKTOP-U1OL4JI" failures="0" tests="1" name="com.triotree.website.ARModule.CompanyWiseOutstandingReportTest" time="330.946" errors="0" timestamp="20 Apr 2021 06:05:01 GMT">
  <testcase classname="com.triotree.website.ARModule.CompanyWiseOutstandingReportTest" name="companyWiseOutstandingReportTest" time="330.946"/>
</testsuite> <!-- com.triotree.website.ARModule.CompanyWiseOutstandingReportTest -->
