<?xml version="1.0" encoding="UTF-8"?>
<!-- Generated by org.testng.reporters.JUnitReportReporter -->
<testsuite hostname="BMT-LAP-88" failures="0" tests="1" name="com.binmile.test.plan_type.Delete_plan_type" time="13.691" errors="0" timestamp="11 Aug 2021 12:47:59 GMT">
  <testcase classname="com.binmile.test.plan_type.Delete_plan_type" name="delete_plan_type" time="13.691"/>
</testsuite> <!-- com.binmile.test.plan_type.Delete_plan_type -->
