<?xml version="1.0" encoding="UTF-8"?>
<!-- Generated by org.testng.reporters.JUnitReportReporter -->
<testsuite hostname="DESKTOP-U1OL4JI" failures="0" tests="1" name="com.triotree.website.ARModule.ARBillDispatchTrackingTest" time="2417.156" errors="0" timestamp="31 May 2021 05:42:42 GMT">
  <testcase classname="com.triotree.website.ARModule.ARBillDispatchTrackingTest" name="aRBillDispatchTrackingTest" time="2417.156"/>
</testsuite> <!-- com.triotree.website.ARModule.ARBillDispatchTrackingTest -->
