<?xml version="1.0" encoding="UTF-8"?>
<!-- Generated by org.testng.reporters.JUnitReportReporter -->
<testsuite hostname="BMT-LAP-88" failures="0" tests="1" name="insurance_type.Delete_insurance" time="13.665" errors="0" timestamp="26 Jul 2021 08:05:51 GMT">
  <testcase classname="insurance_type.Delete_insurance" name="delete_insurance" time="13.665"/>
</testsuite> <!-- insurance_type.Delete_insurance -->
