<?xml version="1.0" encoding="UTF-8"?>
<!-- Generated by org.testng.reporters.JUnitReportReporter -->
<testsuite hostname="DESKTOP-U1OL4JI" failures="0" tests="1" name="com.triotree.website.pages.DiagnosticsTest.DiagnosticsReportWorkPlaceBySelectingPatientTypeTest" time="1762.747" errors="0" timestamp="19 Mar 2021 07:29:19 GMT">
  <testcase classname="com.triotree.website.pages.DiagnosticsTest.DiagnosticsReportWorkPlaceBySelectingPatientTypeTest" name="diagnosticsReportWorkPlaceBySelectingPatientTypeTest" time="1762.747"/>
</testsuite> <!-- com.triotree.website.pages.DiagnosticsTest.DiagnosticsReportWorkPlaceBySelectingPatientTypeTest -->
