<?xml version="1.0" encoding="UTF-8"?>
<!-- Generated by org.testng.reporters.JUnitReportReporter -->
<testsuite hostname="DESKTOP-U1OL4JI" failures="0" tests="1" name="com.triotree.website.pages.GeneralItemsTest.InterfacingLedgerGroupTest" time="37.278" errors="0" timestamp="17 Feb 2021 09:18:28 GMT">
  <testcase classname="com.triotree.website.pages.GeneralItemsTest.InterfacingLedgerGroupTest" name="interfacingLedgerGroupTest" time="37.278"/>
</testsuite> <!-- com.triotree.website.pages.GeneralItemsTest.InterfacingLedgerGroupTest -->
